training on gpu 0
Load data ...
Data Size:
train-split: 160 videos.
Loading c3d features ...
Loading anchor weight data ...
Done train set loading.
Data Size:
val-split: 40 videos.
Loading c3d features ...
Loading anchor weight data ...
Done val set loading.
using dropout in rnn!
Build model for training stage ...
epoch: 0/1000, lr: 1.0E-04 (1.0E-04)
iter: 0, epoch: 0/1000, 
lr: 1.0E-04, loss: 10.7253
epoch: 1/1000, lr: 1.0E-04 (1.0E-04)
iter: 0, epoch: 1/1000, 
lr: 1.0E-04, loss: 10.6645
epoch: 2/1000, lr: 1.0E-04 (1.0E-04)
iter: 0, epoch: 2/1000, 
lr: 1.0E-04, loss: 10.5997
epoch: 3/1000, lr: 1.0E-04 (1.0E-04)
iter: 0, epoch: 3/1000, 
lr: 1.0E-04, loss: 10.5385
epoch: 4/1000, lr: 1.0E-04 (1.0E-04)
iter: 0, epoch: 4/1000, 
lr: 1.0E-04, loss: 10.4740
epoch: 5/1000, lr: 1.0E-04 (1.0E-04)
iter: 0, epoch: 5/1000, 
lr: 1.0E-04, loss: 10.3996
epoch: 6/1000, lr: 1.0E-04 (1.0E-04)
iter: 0, epoch: 6/1000, 
lr: 1.0E-04, loss: 10.3378
epoch: 7/1000, lr: 1.0E-04 (1.0E-04)
iter: 0, epoch: 7/1000, 
lr: 1.0E-04, loss: 10.2607
epoch: 8/1000, lr: 1.0E-04 (1.0E-04)
iter: 0, epoch: 8/1000, 
lr: 1.0E-04, loss: 10.1820
epoch: 9/1000, lr: 1.0E-04 (1.0E-04)
iter: 0, epoch: 9/1000, 
lr: 1.0E-04, loss: 10.1056
Evaluating model ...
Evaluating batch: #0
loss: 1.8825
epoch: 10/1000, lr: 1.0E-04 (1.0E-04)
iter: 0, epoch: 10/1000, 
lr: 1.0E-04, loss: 10.0196
epoch: 11/1000, lr: 1.0E-04 (1.0E-04)
iter: 0, epoch: 11/1000, 
lr: 1.0E-04, loss: 9.9307
epoch: 12/1000, lr: 1.0E-04 (1.0E-04)
iter: 0, epoch: 12/1000, 
lr: 1.0E-04, loss: 9.8280
epoch: 13/1000, lr: 1.0E-04 (1.0E-04)
iter: 0, epoch: 13/1000, 
lr: 1.0E-04, loss: 9.7340
epoch: 14/1000, lr: 1.0E-04 (1.0E-04)
iter: 0, epoch: 14/1000, 
lr: 1.0E-04, loss: 9.6378
epoch: 15/1000, lr: 1.0E-04 (1.0E-04)
iter: 0, epoch: 15/1000, 
lr: 1.0E-04, loss: 9.5279
epoch: 16/1000, lr: 1.0E-04 (1.0E-04)
iter: 0, epoch: 16/1000, 
lr: 1.0E-04, loss: 9.4128
epoch: 17/1000, lr: 1.0E-04 (1.0E-04)
iter: 0, epoch: 17/1000, 
lr: 1.0E-04, loss: 9.3089
epoch: 18/1000, lr: 1.0E-04 (1.0E-04)
iter: 0, epoch: 18/1000, 
lr: 1.0E-04, loss: 9.1844
epoch: 19/1000, lr: 1.0E-04 (1.0E-04)
iter: 0, epoch: 19/1000, 
lr: 1.0E-04, loss: 9.0712
Evaluating model ...
Evaluating batch: #0
loss: 1.6462
epoch: 20/1000, lr: 1.0E-04 (1.0E-04)
iter: 0, epoch: 20/1000, 
lr: 1.0E-04, loss: 8.9477
epoch: 21/1000, lr: 1.0E-04 (1.0E-04)
iter: 0, epoch: 21/1000, 
lr: 1.0E-04, loss: 8.8309
epoch: 22/1000, lr: 1.0E-04 (1.0E-04)
iter: 0, epoch: 22/1000, 
lr: 1.0E-04, loss: 8.7145
epoch: 23/1000, lr: 1.0E-04 (1.0E-04)
iter: 0, epoch: 23/1000, 
lr: 1.0E-04, loss: 8.5764
epoch: 24/1000, lr: 1.0E-04 (1.0E-04)
iter: 0, epoch: 24/1000, 
lr: 1.0E-04, loss: 8.4670
epoch: 25/1000, lr: 1.0E-04 (1.0E-04)
iter: 0, epoch: 25/1000, 
lr: 1.0E-04, loss: 8.3431
epoch: 26/1000, lr: 1.0E-04 (1.0E-04)
iter: 0, epoch: 26/1000, 
lr: 1.0E-04, loss: 8.2254
epoch: 27/1000, lr: 1.0E-04 (1.0E-04)
iter: 0, epoch: 27/1000, 
lr: 1.0E-04, loss: 8.1065
epoch: 28/1000, lr: 1.0E-04 (1.0E-04)
iter: 0, epoch: 28/1000, 
lr: 1.0E-04, loss: 7.9833
epoch: 29/1000, lr: 1.0E-04 (1.0E-04)
iter: 0, epoch: 29/1000, 
lr: 1.0E-04, loss: 7.8638
Evaluating model ...
Evaluating batch: #0
loss: 1.4187
epoch: 30/1000, lr: 1.0E-04 (1.0E-04)
iter: 0, epoch: 30/1000, 
lr: 1.0E-04, loss: 7.7422
epoch: 31/1000, lr: 1.0E-04 (1.0E-04)
iter: 0, epoch: 31/1000, 
lr: 1.0E-04, loss: 7.6523
epoch: 32/1000, lr: 1.0E-04 (1.0E-04)
iter: 0, epoch: 32/1000, 
lr: 1.0E-04, loss: 7.5281
epoch: 33/1000, lr: 1.0E-04 (1.0E-04)
iter: 0, epoch: 33/1000, 
lr: 1.0E-04, loss: 7.4160
epoch: 34/1000, lr: 1.0E-04 (1.0E-04)
iter: 0, epoch: 34/1000, 
lr: 1.0E-04, loss: 7.2947
epoch: 35/1000, lr: 1.0E-04 (1.0E-04)
iter: 0, epoch: 35/1000, 
lr: 1.0E-04, loss: 7.2089
epoch: 36/1000, lr: 1.0E-04 (1.0E-04)
iter: 0, epoch: 36/1000, 
lr: 1.0E-04, loss: 7.1027
epoch: 37/1000, lr: 1.0E-04 (1.0E-04)
iter: 0, epoch: 37/1000, 
lr: 1.0E-04, loss: 7.0008
epoch: 38/1000, lr: 1.0E-04 (1.0E-04)
iter: 0, epoch: 38/1000, 
lr: 1.0E-04, loss: 6.9133
epoch: 39/1000, lr: 1.0E-04 (1.0E-04)
iter: 0, epoch: 39/1000, 
lr: 1.0E-04, loss: 6.7980
Evaluating model ...
Evaluating batch: #0
loss: 1.2419
epoch: 40/1000, lr: 1.0E-04 (1.0E-04)
iter: 0, epoch: 40/1000, 
lr: 1.0E-04, loss: 6.6917
epoch: 41/1000, lr: 1.0E-04 (1.0E-04)
iter: 0, epoch: 41/1000, 
lr: 1.0E-04, loss: 6.6233
epoch: 42/1000, lr: 1.0E-04 (1.0E-04)
iter: 0, epoch: 42/1000, 
lr: 1.0E-04, loss: 6.5363
epoch: 43/1000, lr: 1.0E-04 (1.0E-04)
iter: 0, epoch: 43/1000, 
lr: 1.0E-04, loss: 6.4237
epoch: 44/1000, lr: 1.0E-04 (1.0E-04)
iter: 0, epoch: 44/1000, 
lr: 1.0E-04, loss: 6.3342
epoch: 45/1000, lr: 1.0E-04 (1.0E-04)
iter: 0, epoch: 45/1000, 
lr: 1.0E-04, loss: 6.2347
epoch: 46/1000, lr: 1.0E-04 (1.0E-04)
iter: 0, epoch: 46/1000, 
lr: 1.0E-04, loss: 6.1645
epoch: 47/1000, lr: 1.0E-04 (1.0E-04)
iter: 0, epoch: 47/1000, 
lr: 1.0E-04, loss: 6.0879
epoch: 48/1000, lr: 1.0E-04 (1.0E-04)
iter: 0, epoch: 48/1000, 
lr: 1.0E-04, loss: 6.0052
epoch: 49/1000, lr: 1.0E-04 (1.0E-04)
iter: 0, epoch: 49/1000, 
lr: 1.0E-04, loss: 5.9341
Evaluating model ...
Evaluating batch: #0
loss: 1.1025
epoch: 50/1000, lr: 1.0E-04 (1.0E-04)
iter: 0, epoch: 50/1000, 
lr: 1.0E-04, loss: 5.8462
epoch: 51/1000, lr: 1.0E-04 (1.0E-04)
iter: 0, epoch: 51/1000, 
lr: 1.0E-04, loss: 5.8061
epoch: 52/1000, lr: 1.0E-04 (1.0E-04)
iter: 0, epoch: 52/1000, 
lr: 1.0E-04, loss: 5.6627
epoch: 53/1000, lr: 1.0E-04 (1.0E-04)
iter: 0, epoch: 53/1000, 
lr: 1.0E-04, loss: 5.6324
epoch: 54/1000, lr: 1.0E-04 (1.0E-04)
iter: 0, epoch: 54/1000, 
lr: 1.0E-04, loss: 5.5670
epoch: 55/1000, lr: 1.0E-04 (1.0E-04)
iter: 0, epoch: 55/1000, 
lr: 1.0E-04, loss: 5.4915
epoch: 56/1000, lr: 1.0E-04 (1.0E-04)
iter: 0, epoch: 56/1000, 
lr: 1.0E-04, loss: 5.4150
epoch: 57/1000, lr: 1.0E-04 (1.0E-04)
iter: 0, epoch: 57/1000, 
lr: 1.0E-04, loss: 5.4142
epoch: 58/1000, lr: 1.0E-04 (1.0E-04)
iter: 0, epoch: 58/1000, 
lr: 1.0E-04, loss: 5.3456
epoch: 59/1000, lr: 1.0E-04 (1.0E-04)
iter: 0, epoch: 59/1000, 
lr: 1.0E-04, loss: 5.2067
Evaluating model ...
Evaluating batch: #0
loss: 0.9943
epoch: 60/1000, lr: 1.0E-04 (1.0E-04)
iter: 0, epoch: 60/1000, 
lr: 1.0E-04, loss: 5.1786
epoch: 61/1000, lr: 1.0E-04 (1.0E-04)
iter: 0, epoch: 61/1000, 
lr: 1.0E-04, loss: 5.1368
epoch: 62/1000, lr: 1.0E-04 (1.0E-04)
iter: 0, epoch: 62/1000, 
lr: 1.0E-04, loss: 5.1084
epoch: 63/1000, lr: 1.0E-04 (1.0E-04)
iter: 0, epoch: 63/1000, 
lr: 1.0E-04, loss: 5.0476
epoch: 64/1000, lr: 1.0E-04 (1.0E-04)
iter: 0, epoch: 64/1000, 
lr: 1.0E-04, loss: 4.9801
epoch: 65/1000, lr: 1.0E-04 (1.0E-04)
iter: 0, epoch: 65/1000, 
lr: 1.0E-04, loss: 4.8548
epoch: 66/1000, lr: 1.0E-04 (1.0E-04)
iter: 0, epoch: 66/1000, 
lr: 1.0E-04, loss: 4.8846
epoch: 67/1000, lr: 1.0E-04 (1.0E-04)
iter: 0, epoch: 67/1000, 
lr: 1.0E-04, loss: 4.7813
epoch: 68/1000, lr: 1.0E-04 (1.0E-04)
iter: 0, epoch: 68/1000, 
lr: 1.0E-04, loss: 4.7280
epoch: 69/1000, lr: 1.0E-04 (1.0E-04)
iter: 0, epoch: 69/1000, 
lr: 1.0E-04, loss: 4.7318
Evaluating model ...
Evaluating batch: #0
loss: 0.9113
epoch: 70/1000, lr: 1.0E-04 (1.0E-04)
iter: 0, epoch: 70/1000, 
lr: 1.0E-04, loss: 4.6731
epoch: 71/1000, lr: 1.0E-04 (1.0E-04)
iter: 0, epoch: 71/1000, 
lr: 1.0E-04, loss: 4.6572
epoch: 72/1000, lr: 1.0E-04 (1.0E-04)
iter: 0, epoch: 72/1000, 
lr: 1.0E-04, loss: 4.5558
epoch: 73/1000, lr: 1.0E-04 (1.0E-04)
iter: 0, epoch: 73/1000, 
lr: 1.0E-04, loss: 4.6082
epoch: 74/1000, lr: 1.0E-04 (1.0E-04)
iter: 0, epoch: 74/1000, 
lr: 1.0E-04, loss: 4.4840
epoch: 75/1000, lr: 1.0E-04 (1.0E-04)
iter: 0, epoch: 75/1000, 
lr: 1.0E-04, loss: 4.4947
epoch: 76/1000, lr: 1.0E-04 (1.0E-04)
iter: 0, epoch: 76/1000, 
lr: 1.0E-04, loss: 4.4182
epoch: 77/1000, lr: 1.0E-04 (1.0E-04)
iter: 0, epoch: 77/1000, 
lr: 1.0E-04, loss: 4.3598
epoch: 78/1000, lr: 1.0E-04 (1.0E-04)
iter: 0, epoch: 78/1000, 
lr: 1.0E-04, loss: 4.3349
epoch: 79/1000, lr: 1.0E-04 (1.0E-04)
iter: 0, epoch: 79/1000, 
lr: 1.0E-04, loss: 4.2591
Evaluating model ...
Evaluating batch: #0
loss: 0.8478
epoch: 80/1000, lr: 1.0E-04 (1.0E-04)
iter: 0, epoch: 80/1000, 
lr: 1.0E-04, loss: 4.2449
epoch: 81/1000, lr: 1.0E-04 (1.0E-04)
iter: 0, epoch: 81/1000, 
lr: 1.0E-04, loss: 4.2450
epoch: 82/1000, lr: 1.0E-04 (1.0E-04)
iter: 0, epoch: 82/1000, 
lr: 1.0E-04, loss: 4.3034
epoch: 83/1000, lr: 1.0E-04 (1.0E-04)
iter: 0, epoch: 83/1000, 
lr: 1.0E-04, loss: 4.1190
epoch: 84/1000, lr: 1.0E-04 (1.0E-04)
iter: 0, epoch: 84/1000, 
lr: 1.0E-04, loss: 4.1570
epoch: 85/1000, lr: 1.0E-04 (1.0E-04)
iter: 0, epoch: 85/1000, 
lr: 1.0E-04, loss: 4.0728
epoch: 86/1000, lr: 1.0E-04 (1.0E-04)
iter: 0, epoch: 86/1000, 
lr: 1.0E-04, loss: 4.0703
epoch: 87/1000, lr: 1.0E-04 (1.0E-04)
iter: 0, epoch: 87/1000, 
lr: 1.0E-04, loss: 4.0265
epoch: 88/1000, lr: 1.0E-04 (1.0E-04)
iter: 0, epoch: 88/1000, 
lr: 1.0E-04, loss: 3.9577
epoch: 89/1000, lr: 1.0E-04 (1.0E-04)
iter: 0, epoch: 89/1000, 
lr: 1.0E-04, loss: 4.0428
Evaluating model ...
Evaluating batch: #0
loss: 0.8006
epoch: 90/1000, lr: 1.0E-04 (1.0E-04)
iter: 0, epoch: 90/1000, 
lr: 1.0E-04, loss: 3.9940
epoch: 91/1000, lr: 1.0E-04 (1.0E-04)
iter: 0, epoch: 91/1000, 
lr: 1.0E-04, loss: 3.9059
epoch: 92/1000, lr: 1.0E-04 (1.0E-04)
iter: 0, epoch: 92/1000, 
lr: 1.0E-04, loss: 3.8586
epoch: 93/1000, lr: 1.0E-04 (1.0E-04)
iter: 0, epoch: 93/1000, 
lr: 1.0E-04, loss: 3.9103
epoch: 94/1000, lr: 1.0E-04 (1.0E-04)
iter: 0, epoch: 94/1000, 
lr: 1.0E-04, loss: 3.8299
epoch: 95/1000, lr: 1.0E-04 (1.0E-04)
iter: 0, epoch: 95/1000, 
lr: 1.0E-04, loss: 3.8468
epoch: 96/1000, lr: 1.0E-04 (1.0E-04)
iter: 0, epoch: 96/1000, 
lr: 1.0E-04, loss: 3.8400
epoch: 97/1000, lr: 1.0E-04 (1.0E-04)
iter: 0, epoch: 97/1000, 
lr: 1.0E-04, loss: 3.7730
epoch: 98/1000, lr: 1.0E-04 (1.0E-04)
iter: 0, epoch: 98/1000, 
lr: 1.0E-04, loss: 3.7669
epoch: 99/1000, lr: 1.0E-04 (1.0E-04)
iter: 0, epoch: 99/1000, 
lr: 1.0E-04, loss: 3.6817
Evaluating model ...
Evaluating batch: #0
loss: 0.7676
epoch: 100/1000, lr: 1.0E-04 (1.0E-04)
iter: 0, epoch: 100/1000, 
lr: 1.0E-04, loss: 3.7120
epoch: 101/1000, lr: 1.0E-04 (1.0E-04)
iter: 0, epoch: 101/1000, 
lr: 1.0E-04, loss: 3.7846
epoch: 102/1000, lr: 1.0E-04 (1.0E-04)
iter: 0, epoch: 102/1000, 
lr: 1.0E-04, loss: 3.7191
epoch: 103/1000, lr: 1.0E-04 (1.0E-04)
iter: 0, epoch: 103/1000, 
lr: 1.0E-04, loss: 3.6772
epoch: 104/1000, lr: 1.0E-04 (1.0E-04)
iter: 0, epoch: 104/1000, 
lr: 1.0E-04, loss: 3.6066
epoch: 105/1000, lr: 1.0E-04 (1.0E-04)
iter: 0, epoch: 105/1000, 
lr: 1.0E-04, loss: 3.6899
epoch: 106/1000, lr: 1.0E-04 (1.0E-04)
iter: 0, epoch: 106/1000, 
lr: 1.0E-04, loss: 3.6389
epoch: 107/1000, lr: 1.0E-04 (1.0E-04)
iter: 0, epoch: 107/1000, 
lr: 1.0E-04, loss: 3.6434
epoch: 108/1000, lr: 1.0E-04 (1.0E-04)
iter: 0, epoch: 108/1000, 
lr: 1.0E-04, loss: 3.5688
epoch: 109/1000, lr: 1.0E-04 (1.0E-04)
iter: 0, epoch: 109/1000, 
lr: 1.0E-04, loss: 3.6173
Evaluating model ...
Evaluating batch: #0
loss: 0.7454
epoch: 110/1000, lr: 1.0E-04 (1.0E-04)
iter: 0, epoch: 110/1000, 
lr: 1.0E-04, loss: 3.5878
epoch: 111/1000, lr: 1.0E-04 (1.0E-04)
iter: 0, epoch: 111/1000, 
lr: 1.0E-04, loss: 3.5889
epoch: 112/1000, lr: 1.0E-04 (1.0E-04)
iter: 0, epoch: 112/1000, 
lr: 1.0E-04, loss: 3.5680
epoch: 113/1000, lr: 1.0E-04 (1.0E-04)
iter: 0, epoch: 113/1000, 
lr: 1.0E-04, loss: 3.5249
epoch: 114/1000, lr: 1.0E-04 (1.0E-04)
iter: 0, epoch: 114/1000, 
lr: 1.0E-04, loss: 3.4936
epoch: 115/1000, lr: 1.0E-04 (1.0E-04)
iter: 0, epoch: 115/1000, 
lr: 1.0E-04, loss: 3.4267
epoch: 116/1000, lr: 1.0E-04 (1.0E-04)
iter: 0, epoch: 116/1000, 
lr: 1.0E-04, loss: 3.4942
epoch: 117/1000, lr: 1.0E-04 (1.0E-04)
iter: 0, epoch: 117/1000, 
lr: 1.0E-04, loss: 3.4399
epoch: 118/1000, lr: 1.0E-04 (1.0E-04)
iter: 0, epoch: 118/1000, 
lr: 1.0E-04, loss: 3.3949
epoch: 119/1000, lr: 1.0E-04 (1.0E-04)
iter: 0, epoch: 119/1000, 
lr: 1.0E-04, loss: 3.4451
Evaluating model ...
Evaluating batch: #0
loss: 0.7302
epoch: 120/1000, lr: 1.0E-04 (1.0E-04)
iter: 0, epoch: 120/1000, 
lr: 1.0E-04, loss: 3.4574
epoch: 121/1000, lr: 1.0E-04 (1.0E-04)
iter: 0, epoch: 121/1000, 
lr: 1.0E-04, loss: 3.4122
epoch: 122/1000, lr: 1.0E-04 (1.0E-04)
iter: 0, epoch: 122/1000, 
lr: 1.0E-04, loss: 3.3972
epoch: 123/1000, lr: 1.0E-04 (1.0E-04)
iter: 0, epoch: 123/1000, 
lr: 1.0E-04, loss: 3.4261
epoch: 124/1000, lr: 1.0E-04 (1.0E-04)
iter: 0, epoch: 124/1000, 
lr: 1.0E-04, loss: 3.3770
epoch: 125/1000, lr: 1.0E-04 (1.0E-04)
iter: 0, epoch: 125/1000, 
lr: 1.0E-04, loss: 3.3370
epoch: 126/1000, lr: 1.0E-04 (1.0E-04)
iter: 0, epoch: 126/1000, 
lr: 1.0E-04, loss: 3.3376
epoch: 127/1000, lr: 1.0E-04 (1.0E-04)
iter: 0, epoch: 127/1000, 
lr: 1.0E-04, loss: 3.3470
epoch: 128/1000, lr: 1.0E-04 (1.0E-04)
iter: 0, epoch: 128/1000, 
lr: 1.0E-04, loss: 3.3507
epoch: 129/1000, lr: 1.0E-04 (1.0E-04)
iter: 0, epoch: 129/1000, 
lr: 1.0E-04, loss: 3.3248
Evaluating model ...
Evaluating batch: #0
loss: 0.7201
epoch: 130/1000, lr: 1.0E-04 (1.0E-04)
iter: 0, epoch: 130/1000, 
lr: 1.0E-04, loss: 3.3974
epoch: 131/1000, lr: 1.0E-04 (1.0E-04)
iter: 0, epoch: 131/1000, 
lr: 1.0E-04, loss: 3.2852
epoch: 132/1000, lr: 1.0E-04 (1.0E-04)
iter: 0, epoch: 132/1000, 
lr: 1.0E-04, loss: 3.3802
epoch: 133/1000, lr: 1.0E-04 (1.0E-04)
iter: 0, epoch: 133/1000, 
lr: 1.0E-04, loss: 3.3145
epoch: 134/1000, lr: 1.0E-04 (1.0E-04)
iter: 0, epoch: 134/1000, 
lr: 1.0E-04, loss: 3.3700
epoch: 135/1000, lr: 1.0E-04 (1.0E-04)
iter: 0, epoch: 135/1000, 
lr: 1.0E-04, loss: 3.4026
epoch: 136/1000, lr: 1.0E-04 (1.0E-04)
iter: 0, epoch: 136/1000, 
lr: 1.0E-04, loss: 3.2334
epoch: 137/1000, lr: 1.0E-04 (1.0E-04)
iter: 0, epoch: 137/1000, 
lr: 1.0E-04, loss: 3.3180
epoch: 138/1000, lr: 1.0E-04 (1.0E-04)
iter: 0, epoch: 138/1000, 
lr: 1.0E-04, loss: 3.3424
epoch: 139/1000, lr: 1.0E-04 (1.0E-04)
iter: 0, epoch: 139/1000, 
lr: 1.0E-04, loss: 3.2506
Evaluating model ...
Evaluating batch: #0
loss: 0.7138
epoch: 140/1000, lr: 1.0E-04 (1.0E-04)
iter: 0, epoch: 140/1000, 
lr: 1.0E-04, loss: 3.2879
epoch: 141/1000, lr: 1.0E-04 (1.0E-04)
iter: 0, epoch: 141/1000, 
lr: 1.0E-04, loss: 3.2281
epoch: 142/1000, lr: 1.0E-04 (1.0E-04)
iter: 0, epoch: 142/1000, 
lr: 1.0E-04, loss: 3.2555
epoch: 143/1000, lr: 1.0E-04 (1.0E-04)
iter: 0, epoch: 143/1000, 
lr: 1.0E-04, loss: 3.1977
epoch: 144/1000, lr: 1.0E-04 (1.0E-04)
iter: 0, epoch: 144/1000, 
lr: 1.0E-04, loss: 3.2492
epoch: 145/1000, lr: 1.0E-04 (1.0E-04)
iter: 0, epoch: 145/1000, 
lr: 1.0E-04, loss: 3.3251
epoch: 146/1000, lr: 1.0E-04 (1.0E-04)
iter: 0, epoch: 146/1000, 
lr: 1.0E-04, loss: 3.1754
epoch: 147/1000, lr: 1.0E-04 (1.0E-04)
iter: 0, epoch: 147/1000, 
lr: 1.0E-04, loss: 3.2251
epoch: 148/1000, lr: 1.0E-04 (1.0E-04)
iter: 0, epoch: 148/1000, 
lr: 1.0E-04, loss: 3.2111
epoch: 149/1000, lr: 1.0E-04 (1.0E-04)
iter: 0, epoch: 149/1000, 
lr: 1.0E-04, loss: 3.3411
Evaluating model ...
Evaluating batch: #0
loss: 0.7099
epoch: 150/1000, lr: 1.0E-04 (1.0E-04)
iter: 0, epoch: 150/1000, 
lr: 1.0E-04, loss: 3.2131
epoch: 151/1000, lr: 1.0E-04 (1.0E-04)
iter: 0, epoch: 151/1000, 
lr: 1.0E-04, loss: 3.2333
epoch: 152/1000, lr: 1.0E-04 (1.0E-04)
iter: 0, epoch: 152/1000, 
lr: 1.0E-04, loss: 3.2596
epoch: 153/1000, lr: 1.0E-04 (1.0E-04)
iter: 0, epoch: 153/1000, 
lr: 1.0E-04, loss: 3.1575
epoch: 154/1000, lr: 1.0E-04 (1.0E-04)
iter: 0, epoch: 154/1000, 
lr: 1.0E-04, loss: 3.1182
epoch: 155/1000, lr: 1.0E-04 (1.0E-04)
iter: 0, epoch: 155/1000, 
lr: 1.0E-04, loss: 3.2544
epoch: 156/1000, lr: 1.0E-04 (1.0E-04)
iter: 0, epoch: 156/1000, 
lr: 1.0E-04, loss: 3.2473
epoch: 157/1000, lr: 1.0E-04 (1.0E-04)
iter: 0, epoch: 157/1000, 
lr: 1.0E-04, loss: 3.1576
epoch: 158/1000, lr: 1.0E-04 (1.0E-04)
iter: 0, epoch: 158/1000, 
lr: 1.0E-04, loss: 3.2169
epoch: 159/1000, lr: 1.0E-04 (1.0E-04)
iter: 0, epoch: 159/1000, 
lr: 1.0E-04, loss: 3.2117
Evaluating model ...
Evaluating batch: #0
loss: 0.7075
epoch: 160/1000, lr: 1.0E-04 (1.0E-04)
iter: 0, epoch: 160/1000, 
lr: 1.0E-04, loss: 3.2227
epoch: 161/1000, lr: 1.0E-04 (1.0E-04)
iter: 0, epoch: 161/1000, 
lr: 1.0E-04, loss: 3.1219
epoch: 162/1000, lr: 1.0E-04 (1.0E-04)
iter: 0, epoch: 162/1000, 
lr: 1.0E-04, loss: 3.0710
epoch: 163/1000, lr: 1.0E-04 (1.0E-04)
iter: 0, epoch: 163/1000, 
lr: 1.0E-04, loss: 3.1268
epoch: 164/1000, lr: 1.0E-04 (1.0E-04)
iter: 0, epoch: 164/1000, 
lr: 1.0E-04, loss: 3.2240
epoch: 165/1000, lr: 1.0E-04 (1.0E-04)
iter: 0, epoch: 165/1000, 
lr: 1.0E-04, loss: 3.1609
epoch: 166/1000, lr: 1.0E-04 (1.0E-04)
iter: 0, epoch: 166/1000, 
lr: 1.0E-04, loss: 3.1709
epoch: 167/1000, lr: 1.0E-04 (1.0E-04)
iter: 0, epoch: 167/1000, 
lr: 1.0E-04, loss: 3.1121
epoch: 168/1000, lr: 1.0E-04 (1.0E-04)
iter: 0, epoch: 168/1000, 
lr: 1.0E-04, loss: 3.1146
epoch: 169/1000, lr: 1.0E-04 (1.0E-04)
iter: 0, epoch: 169/1000, 
lr: 1.0E-04, loss: 3.2296
Evaluating model ...
Evaluating batch: #0
loss: 0.7061
epoch: 170/1000, lr: 1.0E-04 (1.0E-04)
iter: 0, epoch: 170/1000, 
lr: 1.0E-04, loss: 3.1406
epoch: 171/1000, lr: 1.0E-04 (1.0E-04)
iter: 0, epoch: 171/1000, 
lr: 1.0E-04, loss: 3.2876
epoch: 172/1000, lr: 1.0E-04 (1.0E-04)
iter: 0, epoch: 172/1000, 
lr: 1.0E-04, loss: 3.1188
epoch: 173/1000, lr: 1.0E-04 (1.0E-04)
iter: 0, epoch: 173/1000, 
lr: 1.0E-04, loss: 3.1979
epoch: 174/1000, lr: 1.0E-04 (1.0E-04)
iter: 0, epoch: 174/1000, 
lr: 1.0E-04, loss: 3.2295
epoch: 175/1000, lr: 1.0E-04 (1.0E-04)
iter: 0, epoch: 175/1000, 
lr: 1.0E-04, loss: 3.1437
epoch: 176/1000, lr: 1.0E-04 (1.0E-04)
iter: 0, epoch: 176/1000, 
lr: 1.0E-04, loss: 3.1684
epoch: 177/1000, lr: 1.0E-04 (1.0E-04)
iter: 0, epoch: 177/1000, 
lr: 1.0E-04, loss: 3.1156
epoch: 178/1000, lr: 1.0E-04 (1.0E-04)
iter: 0, epoch: 178/1000, 
lr: 1.0E-04, loss: 3.1797
epoch: 179/1000, lr: 1.0E-04 (1.0E-04)
iter: 0, epoch: 179/1000, 
lr: 1.0E-04, loss: 3.1367
Evaluating model ...
Evaluating batch: #0
loss: 0.7053
epoch: 180/1000, lr: 1.0E-04 (1.0E-04)
iter: 0, epoch: 180/1000, 
lr: 1.0E-04, loss: 3.0282
epoch: 181/1000, lr: 1.0E-04 (1.0E-04)
iter: 0, epoch: 181/1000, 
lr: 1.0E-04, loss: 3.0772
epoch: 182/1000, lr: 1.0E-04 (1.0E-04)
iter: 0, epoch: 182/1000, 
lr: 1.0E-04, loss: 3.1775
epoch: 183/1000, lr: 1.0E-04 (1.0E-04)
iter: 0, epoch: 183/1000, 
lr: 1.0E-04, loss: 3.0580
epoch: 184/1000, lr: 1.0E-04 (1.0E-04)
iter: 0, epoch: 184/1000, 
lr: 1.0E-04, loss: 3.0734
epoch: 185/1000, lr: 1.0E-04 (1.0E-04)
iter: 0, epoch: 185/1000, 
lr: 1.0E-04, loss: 3.1636
epoch: 186/1000, lr: 1.0E-04 (1.0E-04)
iter: 0, epoch: 186/1000, 
lr: 1.0E-04, loss: 3.0934
epoch: 187/1000, lr: 1.0E-04 (1.0E-04)
iter: 0, epoch: 187/1000, 
lr: 1.0E-04, loss: 3.1330
epoch: 188/1000, lr: 1.0E-04 (1.0E-04)
iter: 0, epoch: 188/1000, 
lr: 1.0E-04, loss: 3.1010
epoch: 189/1000, lr: 1.0E-04 (1.0E-04)
iter: 0, epoch: 189/1000, 
lr: 1.0E-04, loss: 3.1338
Evaluating model ...
Evaluating batch: #0
loss: 0.7050
epoch: 190/1000, lr: 1.0E-04 (1.0E-04)
iter: 0, epoch: 190/1000, 
lr: 1.0E-04, loss: 3.2202
epoch: 191/1000, lr: 1.0E-04 (1.0E-04)
iter: 0, epoch: 191/1000, 
lr: 1.0E-04, loss: 3.0887
epoch: 192/1000, lr: 1.0E-04 (1.0E-04)
iter: 0, epoch: 192/1000, 
lr: 1.0E-04, loss: 3.0577
epoch: 193/1000, lr: 1.0E-04 (1.0E-04)
iter: 0, epoch: 193/1000, 
lr: 1.0E-04, loss: 3.0826
epoch: 194/1000, lr: 1.0E-04 (1.0E-04)
iter: 0, epoch: 194/1000, 
lr: 1.0E-04, loss: 3.1362
epoch: 195/1000, lr: 1.0E-04 (1.0E-04)
iter: 0, epoch: 195/1000, 
lr: 1.0E-04, loss: 2.9514
epoch: 196/1000, lr: 1.0E-04 (1.0E-04)
iter: 0, epoch: 196/1000, 
lr: 1.0E-04, loss: 3.1397
epoch: 197/1000, lr: 1.0E-04 (1.0E-04)
iter: 0, epoch: 197/1000, 
lr: 1.0E-04, loss: 3.0519
epoch: 198/1000, lr: 1.0E-04 (1.0E-04)
iter: 0, epoch: 198/1000, 
lr: 1.0E-04, loss: 2.9992
epoch: 199/1000, lr: 1.0E-04 (1.0E-04)
iter: 0, epoch: 199/1000, 
lr: 1.0E-04, loss: 3.0594
Evaluating model ...
Evaluating batch: #0
loss: 0.7051
epoch: 200/1000, lr: 1.0E-04 (1.0E-04)
iter: 0, epoch: 200/1000, 
lr: 1.0E-04, loss: 3.0441
epoch: 201/1000, lr: 1.0E-04 (1.0E-04)
iter: 0, epoch: 201/1000, 
lr: 1.0E-04, loss: 3.1600
epoch: 202/1000, lr: 1.0E-04 (1.0E-04)
iter: 0, epoch: 202/1000, 
lr: 1.0E-04, loss: 3.1282
epoch: 203/1000, lr: 1.0E-04 (1.0E-04)
iter: 0, epoch: 203/1000, 
lr: 1.0E-04, loss: 3.2402
epoch: 204/1000, lr: 1.0E-04 (1.0E-04)
iter: 0, epoch: 204/1000, 
lr: 1.0E-04, loss: 3.0793
epoch: 205/1000, lr: 1.0E-04 (1.0E-04)
iter: 0, epoch: 205/1000, 
lr: 1.0E-04, loss: 3.2028
epoch: 206/1000, lr: 1.0E-04 (1.0E-04)
iter: 0, epoch: 206/1000, 
lr: 1.0E-04, loss: 3.1042
epoch: 207/1000, lr: 1.0E-04 (1.0E-04)
iter: 0, epoch: 207/1000, 
lr: 1.0E-04, loss: 3.0467
epoch: 208/1000, lr: 1.0E-04 (1.0E-04)
iter: 0, epoch: 208/1000, 
lr: 1.0E-04, loss: 3.1408
epoch: 209/1000, lr: 1.0E-04 (1.0E-04)
iter: 0, epoch: 209/1000, 
lr: 1.0E-04, loss: 3.0050
Evaluating model ...
Evaluating batch: #0
loss: 0.7053
epoch: 210/1000, lr: 1.0E-04 (1.0E-04)
iter: 0, epoch: 210/1000, 
lr: 1.0E-04, loss: 3.1033
epoch: 211/1000, lr: 1.0E-04 (1.0E-04)
iter: 0, epoch: 211/1000, 
lr: 1.0E-04, loss: 2.9878
epoch: 212/1000, lr: 1.0E-04 (1.0E-04)
iter: 0, epoch: 212/1000, 
lr: 1.0E-04, loss: 3.0537
epoch: 213/1000, lr: 1.0E-04 (1.0E-04)
iter: 0, epoch: 213/1000, 
lr: 1.0E-04, loss: 3.1598
epoch: 214/1000, lr: 1.0E-04 (1.0E-04)
iter: 0, epoch: 214/1000, 
lr: 1.0E-04, loss: 3.1019
epoch: 215/1000, lr: 1.0E-04 (1.0E-04)
iter: 0, epoch: 215/1000, 
lr: 1.0E-04, loss: 3.0986
epoch: 216/1000, lr: 1.0E-04 (1.0E-04)
iter: 0, epoch: 216/1000, 
lr: 1.0E-04, loss: 3.1544
epoch: 217/1000, lr: 1.0E-04 (1.0E-04)
iter: 0, epoch: 217/1000, 
lr: 1.0E-04, loss: 3.1582
epoch: 218/1000, lr: 1.0E-04 (1.0E-04)
iter: 0, epoch: 218/1000, 
lr: 1.0E-04, loss: 3.1868
epoch: 219/1000, lr: 1.0E-04 (1.0E-04)
iter: 0, epoch: 219/1000, 
lr: 1.0E-04, loss: 3.1808
Evaluating model ...
Evaluating batch: #0
loss: 0.7054
epoch: 220/1000, lr: 1.0E-04 (1.0E-04)
iter: 0, epoch: 220/1000, 
lr: 1.0E-04, loss: 3.0201
epoch: 221/1000, lr: 1.0E-04 (1.0E-04)
iter: 0, epoch: 221/1000, 
lr: 1.0E-04, loss: 3.1335
epoch: 222/1000, lr: 1.0E-04 (1.0E-04)
iter: 0, epoch: 222/1000, 
lr: 1.0E-04, loss: 2.9790
epoch: 223/1000, lr: 1.0E-04 (1.0E-04)
iter: 0, epoch: 223/1000, 
lr: 1.0E-04, loss: 3.1432
epoch: 224/1000, lr: 1.0E-04 (1.0E-04)
iter: 0, epoch: 224/1000, 
lr: 1.0E-04, loss: 2.9904
epoch: 225/1000, lr: 1.0E-04 (1.0E-04)
iter: 0, epoch: 225/1000, 
lr: 1.0E-04, loss: 3.0076
epoch: 226/1000, lr: 1.0E-04 (1.0E-04)
iter: 0, epoch: 226/1000, 
lr: 1.0E-04, loss: 3.0301
epoch: 227/1000, lr: 1.0E-04 (1.0E-04)
iter: 0, epoch: 227/1000, 
lr: 1.0E-04, loss: 2.9921
epoch: 228/1000, lr: 1.0E-04 (1.0E-04)
iter: 0, epoch: 228/1000, 
lr: 1.0E-04, loss: 3.1446
epoch: 229/1000, lr: 1.0E-04 (1.0E-04)
iter: 0, epoch: 229/1000, 
lr: 1.0E-04, loss: 3.0052
Evaluating model ...
Evaluating batch: #0
loss: 0.7057
epoch: 230/1000, lr: 1.0E-04 (1.0E-04)
iter: 0, epoch: 230/1000, 
lr: 1.0E-04, loss: 3.1149
epoch: 231/1000, lr: 1.0E-04 (1.0E-04)
iter: 0, epoch: 231/1000, 
lr: 1.0E-04, loss: 2.9900
epoch: 232/1000, lr: 1.0E-04 (1.0E-04)
iter: 0, epoch: 232/1000, 
lr: 1.0E-04, loss: 3.1093
epoch: 233/1000, lr: 1.0E-04 (1.0E-04)
iter: 0, epoch: 233/1000, 
lr: 1.0E-04, loss: 3.1172
epoch: 234/1000, lr: 1.0E-04 (1.0E-04)
iter: 0, epoch: 234/1000, 
lr: 1.0E-04, loss: 3.1270
epoch: 235/1000, lr: 1.0E-04 (1.0E-04)
iter: 0, epoch: 235/1000, 
lr: 1.0E-04, loss: 3.0352
epoch: 236/1000, lr: 1.0E-04 (1.0E-04)
iter: 0, epoch: 236/1000, 
lr: 1.0E-04, loss: 3.0839
epoch: 237/1000, lr: 1.0E-04 (1.0E-04)
iter: 0, epoch: 237/1000, 
lr: 1.0E-04, loss: 3.0208
epoch: 238/1000, lr: 1.0E-04 (1.0E-04)
iter: 0, epoch: 238/1000, 
lr: 1.0E-04, loss: 2.9880
epoch: 239/1000, lr: 1.0E-04 (1.0E-04)
iter: 0, epoch: 239/1000, 
lr: 1.0E-04, loss: 3.0540
Evaluating model ...
Evaluating batch: #0
loss: 0.7060
epoch: 240/1000, lr: 1.0E-04 (1.0E-04)
iter: 0, epoch: 240/1000, 
lr: 1.0E-04, loss: 3.0024
epoch: 241/1000, lr: 1.0E-04 (1.0E-04)
iter: 0, epoch: 241/1000, 
lr: 1.0E-04, loss: 3.1179
epoch: 242/1000, lr: 1.0E-04 (1.0E-04)
iter: 0, epoch: 242/1000, 
lr: 1.0E-04, loss: 3.0803
epoch: 243/1000, lr: 1.0E-04 (1.0E-04)
iter: 0, epoch: 243/1000, 
lr: 1.0E-04, loss: 3.2118
epoch: 244/1000, lr: 1.0E-04 (1.0E-04)
iter: 0, epoch: 244/1000, 
lr: 1.0E-04, loss: 3.0489
epoch: 245/1000, lr: 1.0E-04 (1.0E-04)
iter: 0, epoch: 245/1000, 
lr: 1.0E-04, loss: 3.0636
epoch: 246/1000, lr: 1.0E-04 (1.0E-04)
iter: 0, epoch: 246/1000, 
lr: 1.0E-04, loss: 3.0724
epoch: 247/1000, lr: 1.0E-04 (1.0E-04)
iter: 0, epoch: 247/1000, 
lr: 1.0E-04, loss: 3.1510
epoch: 248/1000, lr: 1.0E-04 (1.0E-04)
iter: 0, epoch: 248/1000, 
lr: 1.0E-04, loss: 2.9090
epoch: 249/1000, lr: 1.0E-04 (1.0E-04)
iter: 0, epoch: 249/1000, 
lr: 1.0E-04, loss: 3.0886
Evaluating model ...
Evaluating batch: #0
loss: 0.7062
epoch: 250/1000, lr: 1.0E-04 (1.0E-04)
iter: 0, epoch: 250/1000, 
lr: 1.0E-04, loss: 3.0551
epoch: 251/1000, lr: 1.0E-04 (1.0E-04)
iter: 0, epoch: 251/1000, 
lr: 1.0E-04, loss: 2.9960
epoch: 252/1000, lr: 1.0E-04 (1.0E-04)
iter: 0, epoch: 252/1000, 
lr: 1.0E-04, loss: 3.0471
epoch: 253/1000, lr: 1.0E-04 (1.0E-04)
iter: 0, epoch: 253/1000, 
lr: 1.0E-04, loss: 2.9670
epoch: 254/1000, lr: 1.0E-04 (1.0E-04)
iter: 0, epoch: 254/1000, 
lr: 1.0E-04, loss: 3.0016
epoch: 255/1000, lr: 1.0E-04 (1.0E-04)
iter: 0, epoch: 255/1000, 
lr: 1.0E-04, loss: 3.1432
epoch: 256/1000, lr: 1.0E-04 (1.0E-04)
iter: 0, epoch: 256/1000, 
lr: 1.0E-04, loss: 2.9894
epoch: 257/1000, lr: 1.0E-04 (1.0E-04)
iter: 0, epoch: 257/1000, 
lr: 1.0E-04, loss: 3.0770
epoch: 258/1000, lr: 1.0E-04 (1.0E-04)
iter: 0, epoch: 258/1000, 
lr: 1.0E-04, loss: 3.0467
epoch: 259/1000, lr: 1.0E-04 (1.0E-04)
iter: 0, epoch: 259/1000, 
lr: 1.0E-04, loss: 3.0705
Evaluating model ...
Evaluating batch: #0
loss: 0.7065
epoch: 260/1000, lr: 1.0E-04 (1.0E-04)
iter: 0, epoch: 260/1000, 
lr: 1.0E-04, loss: 2.9951
epoch: 261/1000, lr: 1.0E-04 (1.0E-04)
iter: 0, epoch: 261/1000, 
lr: 1.0E-04, loss: 3.1231
epoch: 262/1000, lr: 1.0E-04 (1.0E-04)
iter: 0, epoch: 262/1000, 
lr: 1.0E-04, loss: 3.0927
epoch: 263/1000, lr: 1.0E-04 (1.0E-04)
iter: 0, epoch: 263/1000, 
lr: 1.0E-04, loss: 3.1201
epoch: 264/1000, lr: 1.0E-04 (1.0E-04)
iter: 0, epoch: 264/1000, 
lr: 1.0E-04, loss: 3.0987
epoch: 265/1000, lr: 1.0E-04 (1.0E-04)
iter: 0, epoch: 265/1000, 
lr: 1.0E-04, loss: 3.1213
epoch: 266/1000, lr: 1.0E-04 (1.0E-04)
iter: 0, epoch: 266/1000, 
lr: 1.0E-04, loss: 2.9580
epoch: 267/1000, lr: 1.0E-04 (1.0E-04)
iter: 0, epoch: 267/1000, 
lr: 1.0E-04, loss: 2.9713
epoch: 268/1000, lr: 1.0E-04 (1.0E-04)
iter: 0, epoch: 268/1000, 
lr: 1.0E-04, loss: 3.1626
epoch: 269/1000, lr: 1.0E-04 (1.0E-04)
iter: 0, epoch: 269/1000, 
lr: 1.0E-04, loss: 3.0331
Evaluating model ...
Evaluating batch: #0
loss: 0.7067
epoch: 270/1000, lr: 1.0E-04 (1.0E-04)
iter: 0, epoch: 270/1000, 
lr: 1.0E-04, loss: 3.0905
epoch: 271/1000, lr: 1.0E-04 (1.0E-04)
iter: 0, epoch: 271/1000, 
lr: 1.0E-04, loss: 3.0755
epoch: 272/1000, lr: 1.0E-04 (1.0E-04)
iter: 0, epoch: 272/1000, 
lr: 1.0E-04, loss: 3.1320
epoch: 273/1000, lr: 1.0E-04 (1.0E-04)
iter: 0, epoch: 273/1000, 
lr: 1.0E-04, loss: 2.9929
epoch: 274/1000, lr: 1.0E-04 (1.0E-04)
iter: 0, epoch: 274/1000, 
lr: 1.0E-04, loss: 3.1261
epoch: 275/1000, lr: 1.0E-04 (1.0E-04)
iter: 0, epoch: 275/1000, 
lr: 1.0E-04, loss: 3.0060
epoch: 276/1000, lr: 1.0E-04 (1.0E-04)
iter: 0, epoch: 276/1000, 
lr: 1.0E-04, loss: 3.1543
epoch: 277/1000, lr: 1.0E-04 (1.0E-04)
iter: 0, epoch: 277/1000, 
lr: 1.0E-04, loss: 3.1098
epoch: 278/1000, lr: 1.0E-04 (1.0E-04)
iter: 0, epoch: 278/1000, 
lr: 1.0E-04, loss: 3.1248
epoch: 279/1000, lr: 1.0E-04 (1.0E-04)
iter: 0, epoch: 279/1000, 
lr: 1.0E-04, loss: 3.0401
Evaluating model ...
Evaluating batch: #0
loss: 0.7067
epoch: 280/1000, lr: 1.0E-04 (1.0E-04)
iter: 0, epoch: 280/1000, 
lr: 1.0E-04, loss: 3.0297
epoch: 281/1000, lr: 1.0E-04 (1.0E-04)
iter: 0, epoch: 281/1000, 
lr: 1.0E-04, loss: 3.0274
epoch: 282/1000, lr: 1.0E-04 (1.0E-04)
iter: 0, epoch: 282/1000, 
lr: 1.0E-04, loss: 3.0805
epoch: 283/1000, lr: 1.0E-04 (1.0E-04)
iter: 0, epoch: 283/1000, 
lr: 1.0E-04, loss: 3.0467
epoch: 284/1000, lr: 1.0E-04 (1.0E-04)
iter: 0, epoch: 284/1000, 
lr: 1.0E-04, loss: 2.9927
epoch: 285/1000, lr: 1.0E-04 (1.0E-04)
iter: 0, epoch: 285/1000, 
lr: 1.0E-04, loss: 3.0613
epoch: 286/1000, lr: 1.0E-04 (1.0E-04)
iter: 0, epoch: 286/1000, 
lr: 1.0E-04, loss: 2.9721
epoch: 287/1000, lr: 1.0E-04 (1.0E-04)
iter: 0, epoch: 287/1000, 
lr: 1.0E-04, loss: 3.0460
epoch: 288/1000, lr: 1.0E-04 (1.0E-04)
iter: 0, epoch: 288/1000, 
lr: 1.0E-04, loss: 3.0654
epoch: 289/1000, lr: 1.0E-04 (1.0E-04)
iter: 0, epoch: 289/1000, 
lr: 1.0E-04, loss: 3.1529
Evaluating model ...
Evaluating batch: #0
loss: 0.7068
epoch: 290/1000, lr: 1.0E-04 (1.0E-04)
iter: 0, epoch: 290/1000, 
lr: 1.0E-04, loss: 3.0250
epoch: 291/1000, lr: 1.0E-04 (1.0E-04)
iter: 0, epoch: 291/1000, 
lr: 1.0E-04, loss: 2.9970
epoch: 292/1000, lr: 1.0E-04 (1.0E-04)
iter: 0, epoch: 292/1000, 
lr: 1.0E-04, loss: 3.0770
epoch: 293/1000, lr: 1.0E-04 (1.0E-04)
iter: 0, epoch: 293/1000, 
lr: 1.0E-04, loss: 2.9969
epoch: 294/1000, lr: 1.0E-04 (1.0E-04)
iter: 0, epoch: 294/1000, 
lr: 1.0E-04, loss: 3.0094
epoch: 295/1000, lr: 1.0E-04 (1.0E-04)
iter: 0, epoch: 295/1000, 
lr: 1.0E-04, loss: 2.9833
epoch: 296/1000, lr: 1.0E-04 (1.0E-04)
iter: 0, epoch: 296/1000, 
lr: 1.0E-04, loss: 2.9315
epoch: 297/1000, lr: 1.0E-04 (1.0E-04)
iter: 0, epoch: 297/1000, 
lr: 1.0E-04, loss: 3.0538
epoch: 298/1000, lr: 1.0E-04 (1.0E-04)
iter: 0, epoch: 298/1000, 
lr: 1.0E-04, loss: 3.1116
epoch: 299/1000, lr: 1.0E-04 (1.0E-04)
iter: 0, epoch: 299/1000, 
lr: 1.0E-04, loss: 3.1072
Evaluating model ...
Evaluating batch: #0
loss: 0.7069
epoch: 300/1000, lr: 1.0E-04 (1.0E-04)
iter: 0, epoch: 300/1000, 
lr: 1.0E-04, loss: 3.1510
epoch: 301/1000, lr: 1.0E-04 (1.0E-04)
iter: 0, epoch: 301/1000, 
lr: 1.0E-04, loss: 2.9852
epoch: 302/1000, lr: 1.0E-04 (1.0E-04)
iter: 0, epoch: 302/1000, 
lr: 1.0E-04, loss: 3.0294
epoch: 303/1000, lr: 1.0E-04 (1.0E-04)
iter: 0, epoch: 303/1000, 
lr: 1.0E-04, loss: 2.9027
epoch: 304/1000, lr: 1.0E-04 (1.0E-04)
iter: 0, epoch: 304/1000, 
lr: 1.0E-04, loss: 3.0230
epoch: 305/1000, lr: 1.0E-04 (1.0E-04)
iter: 0, epoch: 305/1000, 
lr: 1.0E-04, loss: 3.0860
epoch: 306/1000, lr: 1.0E-04 (1.0E-04)
iter: 0, epoch: 306/1000, 
lr: 1.0E-04, loss: 3.0122
epoch: 307/1000, lr: 1.0E-04 (1.0E-04)
iter: 0, epoch: 307/1000, 
lr: 1.0E-04, loss: 3.0305
epoch: 308/1000, lr: 1.0E-04 (1.0E-04)
iter: 0, epoch: 308/1000, 
lr: 1.0E-04, loss: 3.0387
epoch: 309/1000, lr: 1.0E-04 (1.0E-04)
iter: 0, epoch: 309/1000, 
lr: 1.0E-04, loss: 3.0983
Evaluating model ...
Evaluating batch: #0
loss: 0.7069
epoch: 310/1000, lr: 1.0E-04 (1.0E-04)
iter: 0, epoch: 310/1000, 
lr: 1.0E-04, loss: 2.9770
epoch: 311/1000, lr: 1.0E-04 (1.0E-04)
iter: 0, epoch: 311/1000, 
lr: 1.0E-04, loss: 3.0566
epoch: 312/1000, lr: 1.0E-04 (1.0E-04)
iter: 0, epoch: 312/1000, 
lr: 1.0E-04, loss: 2.9888
epoch: 313/1000, lr: 1.0E-04 (1.0E-04)
iter: 0, epoch: 313/1000, 
lr: 1.0E-04, loss: 3.0018
epoch: 314/1000, lr: 1.0E-04 (1.0E-04)
iter: 0, epoch: 314/1000, 
lr: 1.0E-04, loss: 3.0834
epoch: 315/1000, lr: 1.0E-04 (1.0E-04)
iter: 0, epoch: 315/1000, 
lr: 1.0E-04, loss: 3.0728
epoch: 316/1000, lr: 1.0E-04 (1.0E-04)
iter: 0, epoch: 316/1000, 
lr: 1.0E-04, loss: 3.0290
epoch: 317/1000, lr: 1.0E-04 (1.0E-04)
iter: 0, epoch: 317/1000, 
lr: 1.0E-04, loss: 2.9900
epoch: 318/1000, lr: 1.0E-04 (1.0E-04)
iter: 0, epoch: 318/1000, 
lr: 1.0E-04, loss: 3.0259
epoch: 319/1000, lr: 1.0E-04 (1.0E-04)
iter: 0, epoch: 319/1000, 
lr: 1.0E-04, loss: 2.9924
Evaluating model ...
Evaluating batch: #0
loss: 0.7070
epoch: 320/1000, lr: 1.0E-04 (1.0E-04)
iter: 0, epoch: 320/1000, 
lr: 1.0E-04, loss: 3.0242
epoch: 321/1000, lr: 1.0E-04 (1.0E-04)
iter: 0, epoch: 321/1000, 
lr: 1.0E-04, loss: 2.9075
epoch: 322/1000, lr: 1.0E-04 (1.0E-04)
iter: 0, epoch: 322/1000, 
lr: 1.0E-04, loss: 2.9805
epoch: 323/1000, lr: 1.0E-04 (1.0E-04)
iter: 0, epoch: 323/1000, 
lr: 1.0E-04, loss: 3.0793
epoch: 324/1000, lr: 1.0E-04 (1.0E-04)
iter: 0, epoch: 324/1000, 
lr: 1.0E-04, loss: 3.0043
epoch: 325/1000, lr: 1.0E-04 (1.0E-04)
iter: 0, epoch: 325/1000, 
lr: 1.0E-04, loss: 3.0606
epoch: 326/1000, lr: 1.0E-04 (1.0E-04)
iter: 0, epoch: 326/1000, 
lr: 1.0E-04, loss: 3.0633
epoch: 327/1000, lr: 1.0E-04 (1.0E-04)
iter: 0, epoch: 327/1000, 
lr: 1.0E-04, loss: 3.0755
epoch: 328/1000, lr: 1.0E-04 (1.0E-04)
iter: 0, epoch: 328/1000, 
lr: 1.0E-04, loss: 3.1478
epoch: 329/1000, lr: 1.0E-04 (1.0E-04)
iter: 0, epoch: 329/1000, 
lr: 1.0E-04, loss: 3.0726
Evaluating model ...
Evaluating batch: #0
loss: 0.7070
epoch: 330/1000, lr: 1.0E-04 (1.0E-04)
iter: 0, epoch: 330/1000, 
lr: 1.0E-04, loss: 2.9375
epoch: 331/1000, lr: 1.0E-04 (1.0E-04)
iter: 0, epoch: 331/1000, 
lr: 1.0E-04, loss: 2.9733
epoch: 332/1000, lr: 1.0E-04 (1.0E-04)
iter: 0, epoch: 332/1000, 
lr: 1.0E-04, loss: 3.0367
epoch: 333/1000, lr: 1.0E-04 (1.0E-04)
iter: 0, epoch: 333/1000, 
lr: 1.0E-04, loss: 3.0078
epoch: 334/1000, lr: 1.0E-04 (1.0E-04)
iter: 0, epoch: 334/1000, 
lr: 1.0E-04, loss: 3.0142
epoch: 335/1000, lr: 1.0E-04 (1.0E-04)
iter: 0, epoch: 335/1000, 
lr: 1.0E-04, loss: 3.0783
epoch: 336/1000, lr: 1.0E-04 (1.0E-04)
iter: 0, epoch: 336/1000, 
lr: 1.0E-04, loss: 2.9821
epoch: 337/1000, lr: 1.0E-04 (1.0E-04)
iter: 0, epoch: 337/1000, 
lr: 1.0E-04, loss: 3.0065
epoch: 338/1000, lr: 1.0E-04 (1.0E-04)
iter: 0, epoch: 338/1000, 
lr: 1.0E-04, loss: 2.9261
epoch: 339/1000, lr: 1.0E-04 (1.0E-04)
iter: 0, epoch: 339/1000, 
lr: 1.0E-04, loss: 2.9700
Evaluating model ...
Evaluating batch: #0
loss: 0.7070
epoch: 340/1000, lr: 1.0E-04 (1.0E-04)
iter: 0, epoch: 340/1000, 
lr: 1.0E-04, loss: 3.0935
epoch: 341/1000, lr: 1.0E-04 (1.0E-04)
iter: 0, epoch: 341/1000, 
lr: 1.0E-04, loss: 3.1286
epoch: 342/1000, lr: 1.0E-04 (1.0E-04)
iter: 0, epoch: 342/1000, 
lr: 1.0E-04, loss: 2.8930
epoch: 343/1000, lr: 1.0E-04 (1.0E-04)
iter: 0, epoch: 343/1000, 
lr: 1.0E-04, loss: 2.9848
epoch: 344/1000, lr: 1.0E-04 (1.0E-04)
iter: 0, epoch: 344/1000, 
lr: 1.0E-04, loss: 3.0196
epoch: 345/1000, lr: 1.0E-04 (1.0E-04)
iter: 0, epoch: 345/1000, 
lr: 1.0E-04, loss: 3.0329
epoch: 346/1000, lr: 1.0E-04 (1.0E-04)
iter: 0, epoch: 346/1000, 
lr: 1.0E-04, loss: 3.0236
epoch: 347/1000, lr: 1.0E-04 (1.0E-04)
iter: 0, epoch: 347/1000, 
lr: 1.0E-04, loss: 3.1280
epoch: 348/1000, lr: 1.0E-04 (1.0E-04)
iter: 0, epoch: 348/1000, 
lr: 1.0E-04, loss: 3.1099
epoch: 349/1000, lr: 1.0E-04 (1.0E-04)
iter: 0, epoch: 349/1000, 
lr: 1.0E-04, loss: 3.0994
Evaluating model ...
Evaluating batch: #0
loss: 0.7070
epoch: 350/1000, lr: 1.0E-04 (1.0E-04)
iter: 0, epoch: 350/1000, 
lr: 1.0E-04, loss: 3.1165
epoch: 351/1000, lr: 1.0E-04 (1.0E-04)
iter: 0, epoch: 351/1000, 
lr: 1.0E-04, loss: 3.0673
epoch: 352/1000, lr: 1.0E-04 (1.0E-04)
iter: 0, epoch: 352/1000, 
lr: 1.0E-04, loss: 3.1668
epoch: 353/1000, lr: 1.0E-04 (1.0E-04)
iter: 0, epoch: 353/1000, 
lr: 1.0E-04, loss: 3.0042
epoch: 354/1000, lr: 1.0E-04 (1.0E-04)
iter: 0, epoch: 354/1000, 
lr: 1.0E-04, loss: 3.1329
epoch: 355/1000, lr: 1.0E-04 (1.0E-04)
iter: 0, epoch: 355/1000, 
lr: 1.0E-04, loss: 3.0115
epoch: 356/1000, lr: 1.0E-04 (1.0E-04)
iter: 0, epoch: 356/1000, 
lr: 1.0E-04, loss: 3.0208
epoch: 357/1000, lr: 1.0E-04 (1.0E-04)
iter: 0, epoch: 357/1000, 
lr: 1.0E-04, loss: 2.9829
epoch: 358/1000, lr: 1.0E-04 (1.0E-04)
iter: 0, epoch: 358/1000, 
lr: 1.0E-04, loss: 2.9950
epoch: 359/1000, lr: 1.0E-04 (1.0E-04)
iter: 0, epoch: 359/1000, 
lr: 1.0E-04, loss: 3.1625
Evaluating model ...
Evaluating batch: #0
loss: 0.7068
epoch: 360/1000, lr: 1.0E-04 (1.0E-04)
iter: 0, epoch: 360/1000, 
lr: 1.0E-04, loss: 3.0224
epoch: 361/1000, lr: 1.0E-04 (1.0E-04)
iter: 0, epoch: 361/1000, 
lr: 1.0E-04, loss: 2.8833
epoch: 362/1000, lr: 1.0E-04 (1.0E-04)
iter: 0, epoch: 362/1000, 
lr: 1.0E-04, loss: 3.0067
epoch: 363/1000, lr: 1.0E-04 (1.0E-04)
iter: 0, epoch: 363/1000, 
lr: 1.0E-04, loss: 3.0824
epoch: 364/1000, lr: 1.0E-04 (1.0E-04)
iter: 0, epoch: 364/1000, 
lr: 1.0E-04, loss: 3.0186
epoch: 365/1000, lr: 1.0E-04 (1.0E-04)
iter: 0, epoch: 365/1000, 
lr: 1.0E-04, loss: 3.0043
epoch: 366/1000, lr: 1.0E-04 (1.0E-04)
iter: 0, epoch: 366/1000, 
lr: 1.0E-04, loss: 2.9587
epoch: 367/1000, lr: 1.0E-04 (1.0E-04)
iter: 0, epoch: 367/1000, 
lr: 1.0E-04, loss: 3.0360
epoch: 368/1000, lr: 1.0E-04 (1.0E-04)
iter: 0, epoch: 368/1000, 
lr: 1.0E-04, loss: 2.9253
epoch: 369/1000, lr: 1.0E-04 (1.0E-04)
iter: 0, epoch: 369/1000, 
lr: 1.0E-04, loss: 3.0533
Evaluating model ...
Evaluating batch: #0
loss: 0.7067
epoch: 370/1000, lr: 1.0E-04 (1.0E-04)
iter: 0, epoch: 370/1000, 
lr: 1.0E-04, loss: 3.0101
epoch: 371/1000, lr: 1.0E-04 (1.0E-04)
iter: 0, epoch: 371/1000, 
lr: 1.0E-04, loss: 2.9997
epoch: 372/1000, lr: 1.0E-04 (1.0E-04)
iter: 0, epoch: 372/1000, 
lr: 1.0E-04, loss: 2.9516
epoch: 373/1000, lr: 1.0E-04 (1.0E-04)
iter: 0, epoch: 373/1000, 
lr: 1.0E-04, loss: 3.0210
epoch: 374/1000, lr: 1.0E-04 (1.0E-04)
iter: 0, epoch: 374/1000, 
lr: 1.0E-04, loss: 3.1311
epoch: 375/1000, lr: 1.0E-04 (1.0E-04)
iter: 0, epoch: 375/1000, 
lr: 1.0E-04, loss: 3.1491
epoch: 376/1000, lr: 1.0E-04 (1.0E-04)
iter: 0, epoch: 376/1000, 
lr: 1.0E-04, loss: 2.9612
epoch: 377/1000, lr: 1.0E-04 (1.0E-04)
iter: 0, epoch: 377/1000, 
lr: 1.0E-04, loss: 3.0970
epoch: 378/1000, lr: 1.0E-04 (1.0E-04)
iter: 0, epoch: 378/1000, 
lr: 1.0E-04, loss: 3.0596
epoch: 379/1000, lr: 1.0E-04 (1.0E-04)
iter: 0, epoch: 379/1000, 
lr: 1.0E-04, loss: 3.1316
Evaluating model ...
Evaluating batch: #0
loss: 0.7065
epoch: 380/1000, lr: 1.0E-04 (1.0E-04)
iter: 0, epoch: 380/1000, 
lr: 1.0E-04, loss: 3.0348
epoch: 381/1000, lr: 1.0E-04 (1.0E-04)
iter: 0, epoch: 381/1000, 
lr: 1.0E-04, loss: 3.0987
epoch: 382/1000, lr: 1.0E-04 (1.0E-04)
iter: 0, epoch: 382/1000, 
lr: 1.0E-04, loss: 3.1013
epoch: 383/1000, lr: 1.0E-04 (1.0E-04)
iter: 0, epoch: 383/1000, 
lr: 1.0E-04, loss: 2.9808
epoch: 384/1000, lr: 1.0E-04 (1.0E-04)
iter: 0, epoch: 384/1000, 
lr: 1.0E-04, loss: 2.9980
epoch: 385/1000, lr: 1.0E-04 (1.0E-04)
iter: 0, epoch: 385/1000, 
lr: 1.0E-04, loss: 2.9538
epoch: 386/1000, lr: 1.0E-04 (1.0E-04)
iter: 0, epoch: 386/1000, 
lr: 1.0E-04, loss: 3.0428
epoch: 387/1000, lr: 1.0E-04 (1.0E-04)
iter: 0, epoch: 387/1000, 
lr: 1.0E-04, loss: 3.0141
epoch: 388/1000, lr: 1.0E-04 (1.0E-04)
iter: 0, epoch: 388/1000, 
lr: 1.0E-04, loss: 3.0617
epoch: 389/1000, lr: 1.0E-04 (1.0E-04)
iter: 0, epoch: 389/1000, 
lr: 1.0E-04, loss: 2.9136
Evaluating model ...
Evaluating batch: #0
loss: 0.7062
epoch: 390/1000, lr: 1.0E-04 (1.0E-04)
iter: 0, epoch: 390/1000, 
lr: 1.0E-04, loss: 3.0915
epoch: 391/1000, lr: 1.0E-04 (1.0E-04)
iter: 0, epoch: 391/1000, 
lr: 1.0E-04, loss: 2.9433
epoch: 392/1000, lr: 1.0E-04 (1.0E-04)
iter: 0, epoch: 392/1000, 
lr: 1.0E-04, loss: 3.0391
epoch: 393/1000, lr: 1.0E-04 (1.0E-04)
iter: 0, epoch: 393/1000, 
lr: 1.0E-04, loss: 3.0017
epoch: 394/1000, lr: 1.0E-04 (1.0E-04)
iter: 0, epoch: 394/1000, 
lr: 1.0E-04, loss: 3.0381
epoch: 395/1000, lr: 1.0E-04 (1.0E-04)
iter: 0, epoch: 395/1000, 
lr: 1.0E-04, loss: 3.1411
epoch: 396/1000, lr: 1.0E-04 (1.0E-04)
iter: 0, epoch: 396/1000, 
lr: 1.0E-04, loss: 3.0724
epoch: 397/1000, lr: 1.0E-04 (1.0E-04)
iter: 0, epoch: 397/1000, 
lr: 1.0E-04, loss: 3.0761
epoch: 398/1000, lr: 1.0E-04 (1.0E-04)
iter: 0, epoch: 398/1000, 
lr: 1.0E-04, loss: 3.0271
epoch: 399/1000, lr: 1.0E-04 (1.0E-04)
iter: 0, epoch: 399/1000, 
lr: 1.0E-04, loss: 3.0024
Evaluating model ...
Evaluating batch: #0
loss: 0.7058
epoch: 400/1000, lr: 1.0E-04 (1.0E-04)
iter: 0, epoch: 400/1000, 
lr: 1.0E-04, loss: 2.9380
epoch: 401/1000, lr: 1.0E-04 (1.0E-04)
iter: 0, epoch: 401/1000, 
lr: 1.0E-04, loss: 3.0948
epoch: 402/1000, lr: 1.0E-04 (1.0E-04)
iter: 0, epoch: 402/1000, 
lr: 1.0E-04, loss: 3.1822
epoch: 403/1000, lr: 1.0E-04 (1.0E-04)
iter: 0, epoch: 403/1000, 
lr: 1.0E-04, loss: 3.0273
epoch: 404/1000, lr: 1.0E-04 (1.0E-04)
iter: 0, epoch: 404/1000, 
lr: 1.0E-04, loss: 2.9437
epoch: 405/1000, lr: 1.0E-04 (1.0E-04)
iter: 0, epoch: 405/1000, 
lr: 1.0E-04, loss: 3.0661
epoch: 406/1000, lr: 1.0E-04 (1.0E-04)
iter: 0, epoch: 406/1000, 
lr: 1.0E-04, loss: 3.1247
epoch: 407/1000, lr: 1.0E-04 (1.0E-04)
iter: 0, epoch: 407/1000, 
lr: 1.0E-04, loss: 3.0080
epoch: 408/1000, lr: 1.0E-04 (1.0E-04)
iter: 0, epoch: 408/1000, 
lr: 1.0E-04, loss: 3.0477
epoch: 409/1000, lr: 1.0E-04 (1.0E-04)
iter: 0, epoch: 409/1000, 
lr: 1.0E-04, loss: 3.1645
Evaluating model ...
Evaluating batch: #0
loss: 0.7053
epoch: 410/1000, lr: 1.0E-04 (1.0E-04)
iter: 0, epoch: 410/1000, 
lr: 1.0E-04, loss: 3.0947
epoch: 411/1000, lr: 1.0E-04 (1.0E-04)
iter: 0, epoch: 411/1000, 
lr: 1.0E-04, loss: 2.8684
epoch: 412/1000, lr: 1.0E-04 (1.0E-04)
iter: 0, epoch: 412/1000, 
lr: 1.0E-04, loss: 2.9305
epoch: 413/1000, lr: 1.0E-04 (1.0E-04)
iter: 0, epoch: 413/1000, 
lr: 1.0E-04, loss: 2.9827
epoch: 414/1000, lr: 1.0E-04 (1.0E-04)
iter: 0, epoch: 414/1000, 
lr: 1.0E-04, loss: 2.8897
epoch: 415/1000, lr: 1.0E-04 (1.0E-04)
iter: 0, epoch: 415/1000, 
lr: 1.0E-04, loss: 2.9917
epoch: 416/1000, lr: 1.0E-04 (1.0E-04)
iter: 0, epoch: 416/1000, 
lr: 1.0E-04, loss: 3.0754
epoch: 417/1000, lr: 1.0E-04 (1.0E-04)
iter: 0, epoch: 417/1000, 
lr: 1.0E-04, loss: 3.0010
epoch: 418/1000, lr: 1.0E-04 (1.0E-04)
iter: 0, epoch: 418/1000, 
lr: 1.0E-04, loss: 2.9975
epoch: 419/1000, lr: 1.0E-04 (1.0E-04)
iter: 0, epoch: 419/1000, 
lr: 1.0E-04, loss: 3.0968
Evaluating model ...
Evaluating batch: #0
loss: 0.7047
epoch: 420/1000, lr: 1.0E-04 (1.0E-04)
iter: 0, epoch: 420/1000, 
lr: 1.0E-04, loss: 3.0956
epoch: 421/1000, lr: 1.0E-04 (1.0E-04)
iter: 0, epoch: 421/1000, 
lr: 1.0E-04, loss: 2.9408
epoch: 422/1000, lr: 1.0E-04 (1.0E-04)
iter: 0, epoch: 422/1000, 
lr: 1.0E-04, loss: 2.9171
epoch: 423/1000, lr: 1.0E-04 (1.0E-04)
iter: 0, epoch: 423/1000, 
lr: 1.0E-04, loss: 3.0629
epoch: 424/1000, lr: 1.0E-04 (1.0E-04)
iter: 0, epoch: 424/1000, 
lr: 1.0E-04, loss: 2.9599
epoch: 425/1000, lr: 1.0E-04 (1.0E-04)
iter: 0, epoch: 425/1000, 
lr: 1.0E-04, loss: 3.0482
epoch: 426/1000, lr: 1.0E-04 (1.0E-04)
iter: 0, epoch: 426/1000, 
lr: 1.0E-04, loss: 2.9821
epoch: 427/1000, lr: 1.0E-04 (1.0E-04)
iter: 0, epoch: 427/1000, 
lr: 1.0E-04, loss: 3.0158
epoch: 428/1000, lr: 1.0E-04 (1.0E-04)
iter: 0, epoch: 428/1000, 
lr: 1.0E-04, loss: 3.0538
epoch: 429/1000, lr: 1.0E-04 (1.0E-04)
iter: 0, epoch: 429/1000, 
lr: 1.0E-04, loss: 3.1433
Evaluating model ...
Evaluating batch: #0
loss: 0.7039
epoch: 430/1000, lr: 1.0E-04 (1.0E-04)
iter: 0, epoch: 430/1000, 
lr: 1.0E-04, loss: 2.9787
epoch: 431/1000, lr: 1.0E-04 (1.0E-04)
iter: 0, epoch: 431/1000, 
lr: 1.0E-04, loss: 3.1386
epoch: 432/1000, lr: 1.0E-04 (1.0E-04)
iter: 0, epoch: 432/1000, 
lr: 1.0E-04, loss: 3.0306
epoch: 433/1000, lr: 1.0E-04 (1.0E-04)
iter: 0, epoch: 433/1000, 
lr: 1.0E-04, loss: 2.9359
epoch: 434/1000, lr: 1.0E-04 (1.0E-04)
iter: 0, epoch: 434/1000, 
lr: 1.0E-04, loss: 3.0174
epoch: 435/1000, lr: 1.0E-04 (1.0E-04)
iter: 0, epoch: 435/1000, 
lr: 1.0E-04, loss: 3.1283
epoch: 436/1000, lr: 1.0E-04 (1.0E-04)
iter: 0, epoch: 436/1000, 
lr: 1.0E-04, loss: 3.0353
epoch: 437/1000, lr: 1.0E-04 (1.0E-04)
iter: 0, epoch: 437/1000, 
lr: 1.0E-04, loss: 2.9919
epoch: 438/1000, lr: 1.0E-04 (1.0E-04)
iter: 0, epoch: 438/1000, 
lr: 1.0E-04, loss: 2.9838
epoch: 439/1000, lr: 1.0E-04 (1.0E-04)
iter: 0, epoch: 439/1000, 
lr: 1.0E-04, loss: 3.1860
Evaluating model ...
Evaluating batch: #0
loss: 0.7024
epoch: 440/1000, lr: 1.0E-04 (1.0E-04)
iter: 0, epoch: 440/1000, 
lr: 1.0E-04, loss: 2.9579
epoch: 441/1000, lr: 1.0E-04 (1.0E-04)
iter: 0, epoch: 441/1000, 
lr: 1.0E-04, loss: 2.9285
epoch: 442/1000, lr: 1.0E-04 (1.0E-04)
iter: 0, epoch: 442/1000, 
lr: 1.0E-04, loss: 2.8812
epoch: 443/1000, lr: 1.0E-04 (1.0E-04)
iter: 0, epoch: 443/1000, 
lr: 1.0E-04, loss: 2.9700
epoch: 444/1000, lr: 1.0E-04 (1.0E-04)
iter: 0, epoch: 444/1000, 
lr: 1.0E-04, loss: 3.0226
epoch: 445/1000, lr: 1.0E-04 (1.0E-04)
iter: 0, epoch: 445/1000, 
lr: 1.0E-04, loss: 3.0252
epoch: 446/1000, lr: 1.0E-04 (1.0E-04)
iter: 0, epoch: 446/1000, 
lr: 1.0E-04, loss: 3.0142
epoch: 447/1000, lr: 1.0E-04 (1.0E-04)
iter: 0, epoch: 447/1000, 
lr: 1.0E-04, loss: 2.8882
epoch: 448/1000, lr: 1.0E-04 (1.0E-04)
iter: 0, epoch: 448/1000, 
lr: 1.0E-04, loss: 3.0494
epoch: 449/1000, lr: 1.0E-04 (1.0E-04)
iter: 0, epoch: 449/1000, 
lr: 1.0E-04, loss: 2.9703
Evaluating model ...
Evaluating batch: #0
loss: 0.7011
epoch: 450/1000, lr: 1.0E-04 (1.0E-04)
iter: 0, epoch: 450/1000, 
lr: 1.0E-04, loss: 2.9874
epoch: 451/1000, lr: 1.0E-04 (1.0E-04)
iter: 0, epoch: 451/1000, 
lr: 1.0E-04, loss: 3.0765
epoch: 452/1000, lr: 1.0E-04 (1.0E-04)
iter: 0, epoch: 452/1000, 
lr: 1.0E-04, loss: 3.0518
epoch: 453/1000, lr: 1.0E-04 (1.0E-04)
iter: 0, epoch: 453/1000, 
lr: 1.0E-04, loss: 3.0453
epoch: 454/1000, lr: 1.0E-04 (1.0E-04)
iter: 0, epoch: 454/1000, 
lr: 1.0E-04, loss: 3.0199
epoch: 455/1000, lr: 1.0E-04 (1.0E-04)
iter: 0, epoch: 455/1000, 
lr: 1.0E-04, loss: 2.9316
epoch: 456/1000, lr: 1.0E-04 (1.0E-04)
iter: 0, epoch: 456/1000, 
lr: 1.0E-04, loss: 2.9725
epoch: 457/1000, lr: 1.0E-04 (1.0E-04)
iter: 0, epoch: 457/1000, 
lr: 1.0E-04, loss: 2.9977
epoch: 458/1000, lr: 1.0E-04 (1.0E-04)
iter: 0, epoch: 458/1000, 
lr: 1.0E-04, loss: 3.0533
epoch: 459/1000, lr: 1.0E-04 (1.0E-04)
iter: 0, epoch: 459/1000, 
lr: 1.0E-04, loss: 3.0046
Evaluating model ...
Evaluating batch: #0
loss: 0.6986
epoch: 460/1000, lr: 1.0E-04 (1.0E-04)
iter: 0, epoch: 460/1000, 
lr: 1.0E-04, loss: 2.9294
epoch: 461/1000, lr: 1.0E-04 (1.0E-04)
iter: 0, epoch: 461/1000, 
lr: 1.0E-04, loss: 3.0295
epoch: 462/1000, lr: 1.0E-04 (1.0E-04)
iter: 0, epoch: 462/1000, 
lr: 1.0E-04, loss: 3.0592
epoch: 463/1000, lr: 1.0E-04 (1.0E-04)
iter: 0, epoch: 463/1000, 
lr: 1.0E-04, loss: 3.0089
epoch: 464/1000, lr: 1.0E-04 (1.0E-04)
iter: 0, epoch: 464/1000, 
lr: 1.0E-04, loss: 3.0255
epoch: 465/1000, lr: 1.0E-04 (1.0E-04)
iter: 0, epoch: 465/1000, 
lr: 1.0E-04, loss: 3.0287
epoch: 466/1000, lr: 1.0E-04 (1.0E-04)
iter: 0, epoch: 466/1000, 
lr: 1.0E-04, loss: 3.0267
epoch: 467/1000, lr: 1.0E-04 (1.0E-04)
iter: 0, epoch: 467/1000, 
lr: 1.0E-04, loss: 3.0142
epoch: 468/1000, lr: 1.0E-04 (1.0E-04)
iter: 0, epoch: 468/1000, 
lr: 1.0E-04, loss: 3.0672
epoch: 469/1000, lr: 1.0E-04 (1.0E-04)
iter: 0, epoch: 469/1000, 
lr: 1.0E-04, loss: 2.9144
Evaluating model ...
Evaluating batch: #0
loss: 0.6968
epoch: 470/1000, lr: 1.0E-04 (1.0E-04)
iter: 0, epoch: 470/1000, 
lr: 1.0E-04, loss: 2.9960
epoch: 471/1000, lr: 1.0E-04 (1.0E-04)
iter: 0, epoch: 471/1000, 
lr: 1.0E-04, loss: 2.9029
epoch: 472/1000, lr: 1.0E-04 (1.0E-04)
iter: 0, epoch: 472/1000, 
lr: 1.0E-04, loss: 3.1331
epoch: 473/1000, lr: 1.0E-04 (1.0E-04)
iter: 0, epoch: 473/1000, 
lr: 1.0E-04, loss: 3.0123
epoch: 474/1000, lr: 1.0E-04 (1.0E-04)
iter: 0, epoch: 474/1000, 
lr: 1.0E-04, loss: 2.9684
epoch: 475/1000, lr: 1.0E-04 (1.0E-04)
iter: 0, epoch: 475/1000, 
lr: 1.0E-04, loss: 2.8872
epoch: 476/1000, lr: 1.0E-04 (1.0E-04)
iter: 0, epoch: 476/1000, 
lr: 1.0E-04, loss: 3.1276
epoch: 477/1000, lr: 1.0E-04 (1.0E-04)
iter: 0, epoch: 477/1000, 
lr: 1.0E-04, loss: 3.0198
epoch: 478/1000, lr: 1.0E-04 (1.0E-04)
iter: 0, epoch: 478/1000, 
lr: 1.0E-04, loss: 3.0424
epoch: 479/1000, lr: 1.0E-04 (1.0E-04)
iter: 0, epoch: 479/1000, 
lr: 1.0E-04, loss: 2.9389
Evaluating model ...
Evaluating batch: #0
loss: 0.6958
epoch: 480/1000, lr: 1.0E-04 (1.0E-04)
iter: 0, epoch: 480/1000, 
lr: 1.0E-04, loss: 3.0163
epoch: 481/1000, lr: 1.0E-04 (1.0E-04)
iter: 0, epoch: 481/1000, 
lr: 1.0E-04, loss: 3.0511
epoch: 482/1000, lr: 1.0E-04 (1.0E-04)
iter: 0, epoch: 482/1000, 
lr: 1.0E-04, loss: 3.1120
epoch: 483/1000, lr: 1.0E-04 (1.0E-04)
iter: 0, epoch: 483/1000, 
lr: 1.0E-04, loss: 3.0578
epoch: 484/1000, lr: 1.0E-04 (1.0E-04)
iter: 0, epoch: 484/1000, 
lr: 1.0E-04, loss: 3.0426
epoch: 485/1000, lr: 1.0E-04 (1.0E-04)
iter: 0, epoch: 485/1000, 
lr: 1.0E-04, loss: 3.0482
epoch: 486/1000, lr: 1.0E-04 (1.0E-04)
iter: 0, epoch: 486/1000, 
lr: 1.0E-04, loss: 3.0361
epoch: 487/1000, lr: 1.0E-04 (1.0E-04)
iter: 0, epoch: 487/1000, 
lr: 1.0E-04, loss: 2.9570
epoch: 488/1000, lr: 1.0E-04 (1.0E-04)
iter: 0, epoch: 488/1000, 
lr: 1.0E-04, loss: 2.9613
epoch: 489/1000, lr: 1.0E-04 (1.0E-04)
iter: 0, epoch: 489/1000, 
lr: 1.0E-04, loss: 3.0458
Evaluating model ...
Evaluating batch: #0
loss: 0.6948
epoch: 490/1000, lr: 1.0E-04 (1.0E-04)
iter: 0, epoch: 490/1000, 
lr: 1.0E-04, loss: 2.8707
epoch: 491/1000, lr: 1.0E-04 (1.0E-04)
iter: 0, epoch: 491/1000, 
lr: 1.0E-04, loss: 2.8871
epoch: 492/1000, lr: 1.0E-04 (1.0E-04)
iter: 0, epoch: 492/1000, 
lr: 1.0E-04, loss: 2.9941
epoch: 493/1000, lr: 1.0E-04 (1.0E-04)
iter: 0, epoch: 493/1000, 
lr: 1.0E-04, loss: 2.8346
epoch: 494/1000, lr: 1.0E-04 (1.0E-04)
iter: 0, epoch: 494/1000, 
lr: 1.0E-04, loss: 3.0471
epoch: 495/1000, lr: 1.0E-04 (1.0E-04)
iter: 0, epoch: 495/1000, 
lr: 1.0E-04, loss: 2.9395
epoch: 496/1000, lr: 1.0E-04 (1.0E-04)
iter: 0, epoch: 496/1000, 
lr: 1.0E-04, loss: 2.8344
epoch: 497/1000, lr: 1.0E-04 (1.0E-04)
iter: 0, epoch: 497/1000, 
lr: 1.0E-04, loss: 2.9122
epoch: 498/1000, lr: 1.0E-04 (1.0E-04)
iter: 0, epoch: 498/1000, 
lr: 1.0E-04, loss: 2.9128
epoch: 499/1000, lr: 1.0E-04 (1.0E-04)
iter: 0, epoch: 499/1000, 
lr: 1.0E-04, loss: 2.9710
Evaluating model ...
Evaluating batch: #0
loss: 0.6939
epoch: 500/1000, lr: 1.0E-04 (1.0E-04)
iter: 0, epoch: 500/1000, 
lr: 1.0E-04, loss: 2.9020
epoch: 501/1000, lr: 1.0E-04 (1.0E-04)
iter: 0, epoch: 501/1000, 
lr: 1.0E-04, loss: 2.8209
epoch: 502/1000, lr: 1.0E-04 (1.0E-04)
iter: 0, epoch: 502/1000, 
lr: 1.0E-04, loss: 2.9227
epoch: 503/1000, lr: 1.0E-04 (1.0E-04)
iter: 0, epoch: 503/1000, 
lr: 1.0E-04, loss: 2.9332
epoch: 504/1000, lr: 1.0E-04 (1.0E-04)
iter: 0, epoch: 504/1000, 
lr: 1.0E-04, loss: 2.8589
epoch: 505/1000, lr: 1.0E-04 (1.0E-04)
iter: 0, epoch: 505/1000, 
lr: 1.0E-04, loss: 2.9012
epoch: 506/1000, lr: 1.0E-04 (1.0E-04)
iter: 0, epoch: 506/1000, 
lr: 1.0E-04, loss: 2.9224
epoch: 507/1000, lr: 1.0E-04 (1.0E-04)
iter: 0, epoch: 507/1000, 
lr: 1.0E-04, loss: 2.9882
epoch: 508/1000, lr: 1.0E-04 (1.0E-04)
iter: 0, epoch: 508/1000, 
lr: 1.0E-04, loss: 2.9855
epoch: 509/1000, lr: 1.0E-04 (1.0E-04)
iter: 0, epoch: 509/1000, 
lr: 1.0E-04, loss: 2.8421
Evaluating model ...
Evaluating batch: #0
loss: 0.6925
epoch: 510/1000, lr: 1.0E-04 (1.0E-04)
iter: 0, epoch: 510/1000, 
lr: 1.0E-04, loss: 3.0837
epoch: 511/1000, lr: 1.0E-04 (1.0E-04)
iter: 0, epoch: 511/1000, 
lr: 1.0E-04, loss: 3.0850
epoch: 512/1000, lr: 1.0E-04 (1.0E-04)
iter: 0, epoch: 512/1000, 
lr: 1.0E-04, loss: 2.9933
epoch: 513/1000, lr: 1.0E-04 (1.0E-04)
iter: 0, epoch: 513/1000, 
lr: 1.0E-04, loss: 2.9544
epoch: 514/1000, lr: 1.0E-04 (1.0E-04)
iter: 0, epoch: 514/1000, 
lr: 1.0E-04, loss: 3.0124
epoch: 515/1000, lr: 1.0E-04 (1.0E-04)
iter: 0, epoch: 515/1000, 
lr: 1.0E-04, loss: 3.0101
epoch: 516/1000, lr: 1.0E-04 (1.0E-04)
iter: 0, epoch: 516/1000, 
lr: 1.0E-04, loss: 2.9033
epoch: 517/1000, lr: 1.0E-04 (1.0E-04)
iter: 0, epoch: 517/1000, 
lr: 1.0E-04, loss: 2.9774
epoch: 518/1000, lr: 1.0E-04 (1.0E-04)
iter: 0, epoch: 518/1000, 
lr: 1.0E-04, loss: 2.9466
epoch: 519/1000, lr: 1.0E-04 (1.0E-04)
iter: 0, epoch: 519/1000, 
lr: 1.0E-04, loss: 2.8987
Evaluating model ...
Evaluating batch: #0
loss: 0.6914
epoch: 520/1000, lr: 1.0E-04 (1.0E-04)
iter: 0, epoch: 520/1000, 
lr: 1.0E-04, loss: 3.0161
epoch: 521/1000, lr: 1.0E-04 (1.0E-04)
iter: 0, epoch: 521/1000, 
lr: 1.0E-04, loss: 2.9283
epoch: 522/1000, lr: 1.0E-04 (1.0E-04)
iter: 0, epoch: 522/1000, 
lr: 1.0E-04, loss: 2.9547
epoch: 523/1000, lr: 1.0E-04 (1.0E-04)
iter: 0, epoch: 523/1000, 
lr: 1.0E-04, loss: 3.0513
epoch: 524/1000, lr: 1.0E-04 (1.0E-04)
iter: 0, epoch: 524/1000, 
lr: 1.0E-04, loss: 2.9375
epoch: 525/1000, lr: 1.0E-04 (1.0E-04)
iter: 0, epoch: 525/1000, 
lr: 1.0E-04, loss: 3.0426
epoch: 526/1000, lr: 1.0E-04 (1.0E-04)
iter: 0, epoch: 526/1000, 
lr: 1.0E-04, loss: 2.9747
epoch: 527/1000, lr: 1.0E-04 (1.0E-04)
iter: 0, epoch: 527/1000, 
lr: 1.0E-04, loss: 2.9345
epoch: 528/1000, lr: 1.0E-04 (1.0E-04)
iter: 0, epoch: 528/1000, 
lr: 1.0E-04, loss: 2.8975
epoch: 529/1000, lr: 1.0E-04 (1.0E-04)
iter: 0, epoch: 529/1000, 
lr: 1.0E-04, loss: 3.0063
Evaluating model ...
Evaluating batch: #0
loss: 0.6897
epoch: 530/1000, lr: 1.0E-04 (1.0E-04)
iter: 0, epoch: 530/1000, 
lr: 1.0E-04, loss: 2.9583
epoch: 531/1000, lr: 1.0E-04 (1.0E-04)
iter: 0, epoch: 531/1000, 
lr: 1.0E-04, loss: 2.9581
epoch: 532/1000, lr: 1.0E-04 (1.0E-04)
iter: 0, epoch: 532/1000, 
lr: 1.0E-04, loss: 2.9712
epoch: 533/1000, lr: 1.0E-04 (1.0E-04)
iter: 0, epoch: 533/1000, 
lr: 1.0E-04, loss: 2.9178
epoch: 534/1000, lr: 1.0E-04 (1.0E-04)
iter: 0, epoch: 534/1000, 
lr: 1.0E-04, loss: 2.8541
epoch: 535/1000, lr: 1.0E-04 (1.0E-04)
iter: 0, epoch: 535/1000, 
lr: 1.0E-04, loss: 3.0290
epoch: 536/1000, lr: 1.0E-04 (1.0E-04)
iter: 0, epoch: 536/1000, 
lr: 1.0E-04, loss: 2.9031
epoch: 537/1000, lr: 1.0E-04 (1.0E-04)
iter: 0, epoch: 537/1000, 
lr: 1.0E-04, loss: 3.0598
epoch: 538/1000, lr: 1.0E-04 (1.0E-04)
iter: 0, epoch: 538/1000, 
lr: 1.0E-04, loss: 2.8916
epoch: 539/1000, lr: 1.0E-04 (1.0E-04)
iter: 0, epoch: 539/1000, 
lr: 1.0E-04, loss: 2.8991
Evaluating model ...
Evaluating batch: #0
loss: 0.6881
epoch: 540/1000, lr: 1.0E-04 (1.0E-04)
iter: 0, epoch: 540/1000, 
lr: 1.0E-04, loss: 2.8432
epoch: 541/1000, lr: 1.0E-04 (1.0E-04)
iter: 0, epoch: 541/1000, 
lr: 1.0E-04, loss: 2.9774
epoch: 542/1000, lr: 1.0E-04 (1.0E-04)
iter: 0, epoch: 542/1000, 
lr: 1.0E-04, loss: 2.9882
epoch: 543/1000, lr: 1.0E-04 (1.0E-04)
iter: 0, epoch: 543/1000, 
lr: 1.0E-04, loss: 2.9403
epoch: 544/1000, lr: 1.0E-04 (1.0E-04)
iter: 0, epoch: 544/1000, 
lr: 1.0E-04, loss: 2.8909
epoch: 545/1000, lr: 1.0E-04 (1.0E-04)
iter: 0, epoch: 545/1000, 
lr: 1.0E-04, loss: 2.9850
epoch: 546/1000, lr: 1.0E-04 (1.0E-04)
iter: 0, epoch: 546/1000, 
lr: 1.0E-04, loss: 2.9485
epoch: 547/1000, lr: 1.0E-04 (1.0E-04)
iter: 0, epoch: 547/1000, 
lr: 1.0E-04, loss: 2.9012
epoch: 548/1000, lr: 1.0E-04 (1.0E-04)
iter: 0, epoch: 548/1000, 
lr: 1.0E-04, loss: 3.0033
epoch: 549/1000, lr: 1.0E-04 (1.0E-04)
iter: 0, epoch: 549/1000, 
lr: 1.0E-04, loss: 2.8854
Evaluating model ...
Evaluating batch: #0
loss: 0.6864
epoch: 550/1000, lr: 1.0E-04 (1.0E-04)
iter: 0, epoch: 550/1000, 
lr: 1.0E-04, loss: 2.8489
epoch: 551/1000, lr: 1.0E-04 (1.0E-04)
iter: 0, epoch: 551/1000, 
lr: 1.0E-04, loss: 2.9465
epoch: 552/1000, lr: 1.0E-04 (1.0E-04)
iter: 0, epoch: 552/1000, 
lr: 1.0E-04, loss: 2.8932
epoch: 553/1000, lr: 1.0E-04 (1.0E-04)
iter: 0, epoch: 553/1000, 
lr: 1.0E-04, loss: 2.9722
epoch: 554/1000, lr: 1.0E-04 (1.0E-04)
iter: 0, epoch: 554/1000, 
lr: 1.0E-04, loss: 2.8948
epoch: 555/1000, lr: 1.0E-04 (1.0E-04)
iter: 0, epoch: 555/1000, 
lr: 1.0E-04, loss: 2.9420
epoch: 556/1000, lr: 1.0E-04 (1.0E-04)
iter: 0, epoch: 556/1000, 
lr: 1.0E-04, loss: 2.9054
epoch: 557/1000, lr: 1.0E-04 (1.0E-04)
iter: 0, epoch: 557/1000, 
lr: 1.0E-04, loss: 2.8575
epoch: 558/1000, lr: 1.0E-04 (1.0E-04)
iter: 0, epoch: 558/1000, 
lr: 1.0E-04, loss: 2.7979
epoch: 559/1000, lr: 1.0E-04 (1.0E-04)
iter: 0, epoch: 559/1000, 
lr: 1.0E-04, loss: 2.9428
Evaluating model ...
Evaluating batch: #0
loss: 0.6847
epoch: 560/1000, lr: 1.0E-04 (1.0E-04)
iter: 0, epoch: 560/1000, 
lr: 1.0E-04, loss: 2.8680
epoch: 561/1000, lr: 1.0E-04 (1.0E-04)
iter: 0, epoch: 561/1000, 
lr: 1.0E-04, loss: 2.8301
epoch: 562/1000, lr: 1.0E-04 (1.0E-04)
iter: 0, epoch: 562/1000, 
lr: 1.0E-04, loss: 2.9064
epoch: 563/1000, lr: 1.0E-04 (1.0E-04)
iter: 0, epoch: 563/1000, 
lr: 1.0E-04, loss: 2.7724
epoch: 564/1000, lr: 1.0E-04 (1.0E-04)
iter: 0, epoch: 564/1000, 
lr: 1.0E-04, loss: 2.9101
epoch: 565/1000, lr: 1.0E-04 (1.0E-04)
iter: 0, epoch: 565/1000, 
lr: 1.0E-04, loss: 2.9105
epoch: 566/1000, lr: 1.0E-04 (1.0E-04)
iter: 0, epoch: 566/1000, 
lr: 1.0E-04, loss: 2.9500
epoch: 567/1000, lr: 1.0E-04 (1.0E-04)
iter: 0, epoch: 567/1000, 
lr: 1.0E-04, loss: 2.8961
epoch: 568/1000, lr: 1.0E-04 (1.0E-04)
iter: 0, epoch: 568/1000, 
lr: 1.0E-04, loss: 2.8955
epoch: 569/1000, lr: 1.0E-04 (1.0E-04)
iter: 0, epoch: 569/1000, 
lr: 1.0E-04, loss: 2.9360
Evaluating model ...
Evaluating batch: #0
loss: 0.6824
epoch: 570/1000, lr: 1.0E-04 (1.0E-04)
iter: 0, epoch: 570/1000, 
lr: 1.0E-04, loss: 2.9136
epoch: 571/1000, lr: 1.0E-04 (1.0E-04)
iter: 0, epoch: 571/1000, 
lr: 1.0E-04, loss: 2.9142
epoch: 572/1000, lr: 1.0E-04 (1.0E-04)
iter: 0, epoch: 572/1000, 
lr: 1.0E-04, loss: 2.8556
epoch: 573/1000, lr: 1.0E-04 (1.0E-04)
iter: 0, epoch: 573/1000, 
lr: 1.0E-04, loss: 2.8266
epoch: 574/1000, lr: 1.0E-04 (1.0E-04)
iter: 0, epoch: 574/1000, 
lr: 1.0E-04, loss: 2.8885
epoch: 575/1000, lr: 1.0E-04 (1.0E-04)
iter: 0, epoch: 575/1000, 
lr: 1.0E-04, loss: 2.8591
epoch: 576/1000, lr: 1.0E-04 (1.0E-04)
iter: 0, epoch: 576/1000, 
lr: 1.0E-04, loss: 2.8993
epoch: 577/1000, lr: 1.0E-04 (1.0E-04)
iter: 0, epoch: 577/1000, 
lr: 1.0E-04, loss: 2.9923
epoch: 578/1000, lr: 1.0E-04 (1.0E-04)
iter: 0, epoch: 578/1000, 
lr: 1.0E-04, loss: 2.9712
epoch: 579/1000, lr: 1.0E-04 (1.0E-04)
iter: 0, epoch: 579/1000, 
lr: 1.0E-04, loss: 2.9468
Evaluating model ...
Evaluating batch: #0
loss: 0.6800
epoch: 580/1000, lr: 1.0E-04 (1.0E-04)
iter: 0, epoch: 580/1000, 
lr: 1.0E-04, loss: 2.9226
epoch: 581/1000, lr: 1.0E-04 (1.0E-04)
iter: 0, epoch: 581/1000, 
lr: 1.0E-04, loss: 3.0467
epoch: 582/1000, lr: 1.0E-04 (1.0E-04)
iter: 0, epoch: 582/1000, 
lr: 1.0E-04, loss: 2.8099
epoch: 583/1000, lr: 1.0E-04 (1.0E-04)
iter: 0, epoch: 583/1000, 
lr: 1.0E-04, loss: 2.9225
epoch: 584/1000, lr: 1.0E-04 (1.0E-04)
iter: 0, epoch: 584/1000, 
lr: 1.0E-04, loss: 2.8454
epoch: 585/1000, lr: 1.0E-04 (1.0E-04)
iter: 0, epoch: 585/1000, 
lr: 1.0E-04, loss: 2.8130
epoch: 586/1000, lr: 1.0E-04 (1.0E-04)
iter: 0, epoch: 586/1000, 
lr: 1.0E-04, loss: 2.9376
epoch: 587/1000, lr: 1.0E-04 (1.0E-04)
iter: 0, epoch: 587/1000, 
lr: 1.0E-04, loss: 2.9235
epoch: 588/1000, lr: 1.0E-04 (1.0E-04)
iter: 0, epoch: 588/1000, 
lr: 1.0E-04, loss: 2.9259
epoch: 589/1000, lr: 1.0E-04 (1.0E-04)
iter: 0, epoch: 589/1000, 
lr: 1.0E-04, loss: 2.8357
Evaluating model ...
Evaluating batch: #0
loss: 0.6767
epoch: 590/1000, lr: 1.0E-04 (1.0E-04)
iter: 0, epoch: 590/1000, 
lr: 1.0E-04, loss: 2.8307
epoch: 591/1000, lr: 1.0E-04 (1.0E-04)
iter: 0, epoch: 591/1000, 
lr: 1.0E-04, loss: 2.8779
epoch: 592/1000, lr: 1.0E-04 (1.0E-04)
iter: 0, epoch: 592/1000, 
lr: 1.0E-04, loss: 2.8527
epoch: 593/1000, lr: 1.0E-04 (1.0E-04)
iter: 0, epoch: 593/1000, 
lr: 1.0E-04, loss: 2.8518
epoch: 594/1000, lr: 1.0E-04 (1.0E-04)
iter: 0, epoch: 594/1000, 
lr: 1.0E-04, loss: 2.9084
epoch: 595/1000, lr: 1.0E-04 (1.0E-04)
iter: 0, epoch: 595/1000, 
lr: 1.0E-04, loss: 2.8146
epoch: 596/1000, lr: 1.0E-04 (1.0E-04)
iter: 0, epoch: 596/1000, 
lr: 1.0E-04, loss: 2.8282
epoch: 597/1000, lr: 1.0E-04 (1.0E-04)
iter: 0, epoch: 597/1000, 
lr: 1.0E-04, loss: 2.9176
epoch: 598/1000, lr: 1.0E-04 (1.0E-04)
iter: 0, epoch: 598/1000, 
lr: 1.0E-04, loss: 2.7063
epoch: 599/1000, lr: 1.0E-04 (1.0E-04)
iter: 0, epoch: 599/1000, 
lr: 1.0E-04, loss: 3.0434
Evaluating model ...
Evaluating batch: #0
loss: 0.6724
epoch: 600/1000, lr: 1.0E-04 (1.0E-04)
iter: 0, epoch: 600/1000, 
lr: 1.0E-04, loss: 2.8681
epoch: 601/1000, lr: 1.0E-04 (1.0E-04)
iter: 0, epoch: 601/1000, 
lr: 1.0E-04, loss: 2.9152
epoch: 602/1000, lr: 1.0E-04 (1.0E-04)
iter: 0, epoch: 602/1000, 
lr: 1.0E-04, loss: 2.8578
epoch: 603/1000, lr: 1.0E-04 (1.0E-04)
iter: 0, epoch: 603/1000, 
lr: 1.0E-04, loss: 2.9984
epoch: 604/1000, lr: 1.0E-04 (1.0E-04)
iter: 0, epoch: 604/1000, 
lr: 1.0E-04, loss: 2.7304
epoch: 605/1000, lr: 1.0E-04 (1.0E-04)
iter: 0, epoch: 605/1000, 
lr: 1.0E-04, loss: 2.8156
epoch: 606/1000, lr: 1.0E-04 (1.0E-04)
iter: 0, epoch: 606/1000, 
lr: 1.0E-04, loss: 2.7531
epoch: 607/1000, lr: 1.0E-04 (1.0E-04)
iter: 0, epoch: 607/1000, 
lr: 1.0E-04, loss: 2.8990
epoch: 608/1000, lr: 1.0E-04 (1.0E-04)
iter: 0, epoch: 608/1000, 
lr: 1.0E-04, loss: 2.7740
epoch: 609/1000, lr: 1.0E-04 (1.0E-04)
iter: 0, epoch: 609/1000, 
lr: 1.0E-04, loss: 2.9326
Evaluating model ...
Evaluating batch: #0
loss: 0.6668
epoch: 610/1000, lr: 1.0E-04 (1.0E-04)
iter: 0, epoch: 610/1000, 
lr: 1.0E-04, loss: 2.7827
epoch: 611/1000, lr: 1.0E-04 (1.0E-04)
iter: 0, epoch: 611/1000, 
lr: 1.0E-04, loss: 2.8869
epoch: 612/1000, lr: 1.0E-04 (1.0E-04)
iter: 0, epoch: 612/1000, 
lr: 1.0E-04, loss: 2.8933
epoch: 613/1000, lr: 1.0E-04 (1.0E-04)
iter: 0, epoch: 613/1000, 
lr: 1.0E-04, loss: 2.8210
epoch: 614/1000, lr: 1.0E-04 (1.0E-04)
iter: 0, epoch: 614/1000, 
lr: 1.0E-04, loss: 2.8079
epoch: 615/1000, lr: 1.0E-04 (1.0E-04)
iter: 0, epoch: 615/1000, 
lr: 1.0E-04, loss: 2.8916
epoch: 616/1000, lr: 1.0E-04 (1.0E-04)
iter: 0, epoch: 616/1000, 
lr: 1.0E-04, loss: 2.8843
epoch: 617/1000, lr: 1.0E-04 (1.0E-04)
iter: 0, epoch: 617/1000, 
lr: 1.0E-04, loss: 2.8174
epoch: 618/1000, lr: 1.0E-04 (1.0E-04)
iter: 0, epoch: 618/1000, 
lr: 1.0E-04, loss: 2.8218
epoch: 619/1000, lr: 1.0E-04 (1.0E-04)
iter: 0, epoch: 619/1000, 
lr: 1.0E-04, loss: 2.8793
Evaluating model ...
Evaluating batch: #0
loss: 0.6614
epoch: 620/1000, lr: 1.0E-04 (1.0E-04)
iter: 0, epoch: 620/1000, 
lr: 1.0E-04, loss: 2.7666
epoch: 621/1000, lr: 1.0E-04 (1.0E-04)
iter: 0, epoch: 621/1000, 
lr: 1.0E-04, loss: 2.8091
epoch: 622/1000, lr: 1.0E-04 (1.0E-04)
iter: 0, epoch: 622/1000, 
lr: 1.0E-04, loss: 2.7250
epoch: 623/1000, lr: 1.0E-04 (1.0E-04)
iter: 0, epoch: 623/1000, 
lr: 1.0E-04, loss: 2.9119
epoch: 624/1000, lr: 1.0E-04 (1.0E-04)
iter: 0, epoch: 624/1000, 
lr: 1.0E-04, loss: 2.8786
epoch: 625/1000, lr: 1.0E-04 (1.0E-04)
iter: 0, epoch: 625/1000, 
lr: 1.0E-04, loss: 2.8361
epoch: 626/1000, lr: 1.0E-04 (1.0E-04)
iter: 0, epoch: 626/1000, 
lr: 1.0E-04, loss: 2.8685
epoch: 627/1000, lr: 1.0E-04 (1.0E-04)
iter: 0, epoch: 627/1000, 
lr: 1.0E-04, loss: 2.7587
epoch: 628/1000, lr: 1.0E-04 (1.0E-04)
iter: 0, epoch: 628/1000, 
lr: 1.0E-04, loss: 2.8285
epoch: 629/1000, lr: 1.0E-04 (1.0E-04)
iter: 0, epoch: 629/1000, 
lr: 1.0E-04, loss: 2.8440
Evaluating model ...
Evaluating batch: #0
loss: 0.6561
epoch: 630/1000, lr: 1.0E-04 (1.0E-04)
iter: 0, epoch: 630/1000, 
lr: 1.0E-04, loss: 2.8968
epoch: 631/1000, lr: 1.0E-04 (1.0E-04)
iter: 0, epoch: 631/1000, 
lr: 1.0E-04, loss: 2.7609
epoch: 632/1000, lr: 1.0E-04 (1.0E-04)
iter: 0, epoch: 632/1000, 
lr: 1.0E-04, loss: 2.8195
epoch: 633/1000, lr: 1.0E-04 (1.0E-04)
iter: 0, epoch: 633/1000, 
lr: 1.0E-04, loss: 2.7484
epoch: 634/1000, lr: 1.0E-04 (1.0E-04)
iter: 0, epoch: 634/1000, 
lr: 1.0E-04, loss: 2.7949
epoch: 635/1000, lr: 1.0E-04 (1.0E-04)
iter: 0, epoch: 635/1000, 
lr: 1.0E-04, loss: 2.8195
epoch: 636/1000, lr: 1.0E-04 (1.0E-04)
iter: 0, epoch: 636/1000, 
lr: 1.0E-04, loss: 2.8233
epoch: 637/1000, lr: 1.0E-04 (1.0E-04)
iter: 0, epoch: 637/1000, 
lr: 1.0E-04, loss: 2.8171
epoch: 638/1000, lr: 1.0E-04 (1.0E-04)
iter: 0, epoch: 638/1000, 
lr: 1.0E-04, loss: 2.8484
epoch: 639/1000, lr: 1.0E-04 (1.0E-04)
iter: 0, epoch: 639/1000, 
lr: 1.0E-04, loss: 2.9659
Evaluating model ...
Evaluating batch: #0
loss: 0.6501
epoch: 640/1000, lr: 1.0E-04 (1.0E-04)
iter: 0, epoch: 640/1000, 
lr: 1.0E-04, loss: 2.7325
epoch: 641/1000, lr: 1.0E-04 (1.0E-04)
iter: 0, epoch: 641/1000, 
lr: 1.0E-04, loss: 2.7284
epoch: 642/1000, lr: 1.0E-04 (1.0E-04)
iter: 0, epoch: 642/1000, 
lr: 1.0E-04, loss: 2.7460
epoch: 643/1000, lr: 1.0E-04 (1.0E-04)
iter: 0, epoch: 643/1000, 
lr: 1.0E-04, loss: 2.8374
epoch: 644/1000, lr: 1.0E-04 (1.0E-04)
iter: 0, epoch: 644/1000, 
lr: 1.0E-04, loss: 2.7344
epoch: 645/1000, lr: 1.0E-04 (1.0E-04)
iter: 0, epoch: 645/1000, 
lr: 1.0E-04, loss: 2.6295
epoch: 646/1000, lr: 1.0E-04 (1.0E-04)
iter: 0, epoch: 646/1000, 
lr: 1.0E-04, loss: 2.7598
epoch: 647/1000, lr: 1.0E-04 (1.0E-04)
iter: 0, epoch: 647/1000, 
lr: 1.0E-04, loss: 2.7874
epoch: 648/1000, lr: 1.0E-04 (1.0E-04)
iter: 0, epoch: 648/1000, 
lr: 1.0E-04, loss: 2.6774
epoch: 649/1000, lr: 1.0E-04 (1.0E-04)
iter: 0, epoch: 649/1000, 
lr: 1.0E-04, loss: 2.7687
Evaluating model ...
Evaluating batch: #0
loss: 0.6458
epoch: 650/1000, lr: 1.0E-04 (1.0E-04)
iter: 0, epoch: 650/1000, 
lr: 1.0E-04, loss: 2.8187
epoch: 651/1000, lr: 1.0E-04 (1.0E-04)
iter: 0, epoch: 651/1000, 
lr: 1.0E-04, loss: 2.7981
epoch: 652/1000, lr: 1.0E-04 (1.0E-04)
iter: 0, epoch: 652/1000, 
lr: 1.0E-04, loss: 2.8087
epoch: 653/1000, lr: 1.0E-04 (1.0E-04)
iter: 0, epoch: 653/1000, 
lr: 1.0E-04, loss: 2.7933
epoch: 654/1000, lr: 1.0E-04 (1.0E-04)
iter: 0, epoch: 654/1000, 
lr: 1.0E-04, loss: 2.8656
epoch: 655/1000, lr: 1.0E-04 (1.0E-04)
iter: 0, epoch: 655/1000, 
lr: 1.0E-04, loss: 2.7665
epoch: 656/1000, lr: 1.0E-04 (1.0E-04)
iter: 0, epoch: 656/1000, 
lr: 1.0E-04, loss: 2.8335
epoch: 657/1000, lr: 1.0E-04 (1.0E-04)
iter: 0, epoch: 657/1000, 
lr: 1.0E-04, loss: 2.8173
epoch: 658/1000, lr: 1.0E-04 (1.0E-04)
iter: 0, epoch: 658/1000, 
lr: 1.0E-04, loss: 2.7487
epoch: 659/1000, lr: 1.0E-04 (1.0E-04)
iter: 0, epoch: 659/1000, 
lr: 1.0E-04, loss: 2.7362
Evaluating model ...
Evaluating batch: #0
loss: 0.6397
epoch: 660/1000, lr: 1.0E-04 (1.0E-04)
iter: 0, epoch: 660/1000, 
lr: 1.0E-04, loss: 2.6571
epoch: 661/1000, lr: 1.0E-04 (1.0E-04)
iter: 0, epoch: 661/1000, 
lr: 1.0E-04, loss: 2.8418
epoch: 662/1000, lr: 1.0E-04 (1.0E-04)
iter: 0, epoch: 662/1000, 
lr: 1.0E-04, loss: 2.6370
epoch: 663/1000, lr: 1.0E-04 (1.0E-04)
iter: 0, epoch: 663/1000, 
lr: 1.0E-04, loss: 2.8039
epoch: 664/1000, lr: 1.0E-04 (1.0E-04)
iter: 0, epoch: 664/1000, 
lr: 1.0E-04, loss: 2.8033
epoch: 665/1000, lr: 1.0E-04 (1.0E-04)
iter: 0, epoch: 665/1000, 
lr: 1.0E-04, loss: 2.6577
epoch: 666/1000, lr: 1.0E-04 (1.0E-04)
iter: 0, epoch: 666/1000, 
lr: 1.0E-04, loss: 2.7554
epoch: 667/1000, lr: 1.0E-04 (1.0E-04)
iter: 0, epoch: 667/1000, 
lr: 1.0E-04, loss: 2.6970
epoch: 668/1000, lr: 1.0E-04 (1.0E-04)
iter: 0, epoch: 668/1000, 
lr: 1.0E-04, loss: 2.6805
epoch: 669/1000, lr: 1.0E-04 (1.0E-04)
iter: 0, epoch: 669/1000, 
lr: 1.0E-04, loss: 2.7206
Evaluating model ...
Evaluating batch: #0
loss: 0.6341
epoch: 670/1000, lr: 1.0E-04 (1.0E-04)
iter: 0, epoch: 670/1000, 
lr: 1.0E-04, loss: 2.6874
epoch: 671/1000, lr: 1.0E-04 (1.0E-04)
iter: 0, epoch: 671/1000, 
lr: 1.0E-04, loss: 2.7609
epoch: 672/1000, lr: 1.0E-04 (1.0E-04)
iter: 0, epoch: 672/1000, 
lr: 1.0E-04, loss: 2.7451
epoch: 673/1000, lr: 1.0E-04 (1.0E-04)
iter: 0, epoch: 673/1000, 
lr: 1.0E-04, loss: 2.7029
epoch: 674/1000, lr: 1.0E-04 (1.0E-04)
iter: 0, epoch: 674/1000, 
lr: 1.0E-04, loss: 2.6804
epoch: 675/1000, lr: 1.0E-04 (1.0E-04)
iter: 0, epoch: 675/1000, 
lr: 1.0E-04, loss: 2.7183
epoch: 676/1000, lr: 1.0E-04 (1.0E-04)
iter: 0, epoch: 676/1000, 
lr: 1.0E-04, loss: 2.5724
epoch: 677/1000, lr: 1.0E-04 (1.0E-04)
iter: 0, epoch: 677/1000, 
lr: 1.0E-04, loss: 2.8175
epoch: 678/1000, lr: 1.0E-04 (1.0E-04)
iter: 0, epoch: 678/1000, 
lr: 1.0E-04, loss: 2.6764
epoch: 679/1000, lr: 1.0E-04 (1.0E-04)
iter: 0, epoch: 679/1000, 
lr: 1.0E-04, loss: 2.6898
Evaluating model ...
Evaluating batch: #0
loss: 0.6279
epoch: 680/1000, lr: 1.0E-04 (1.0E-04)
iter: 0, epoch: 680/1000, 
lr: 1.0E-04, loss: 2.6405
epoch: 681/1000, lr: 1.0E-04 (1.0E-04)
iter: 0, epoch: 681/1000, 
lr: 1.0E-04, loss: 2.7603
epoch: 682/1000, lr: 1.0E-04 (1.0E-04)
iter: 0, epoch: 682/1000, 
lr: 1.0E-04, loss: 2.7836
epoch: 683/1000, lr: 1.0E-04 (1.0E-04)
iter: 0, epoch: 683/1000, 
lr: 1.0E-04, loss: 2.6715
epoch: 684/1000, lr: 1.0E-04 (1.0E-04)
iter: 0, epoch: 684/1000, 
lr: 1.0E-04, loss: 2.6101
epoch: 685/1000, lr: 1.0E-04 (1.0E-04)
iter: 0, epoch: 685/1000, 
lr: 1.0E-04, loss: 2.6311
epoch: 686/1000, lr: 1.0E-04 (1.0E-04)
iter: 0, epoch: 686/1000, 
lr: 1.0E-04, loss: 2.6531
epoch: 687/1000, lr: 1.0E-04 (1.0E-04)
iter: 0, epoch: 687/1000, 
lr: 1.0E-04, loss: 2.6571
epoch: 688/1000, lr: 1.0E-04 (1.0E-04)
iter: 0, epoch: 688/1000, 
lr: 1.0E-04, loss: 2.6013
epoch: 689/1000, lr: 1.0E-04 (1.0E-04)
iter: 0, epoch: 689/1000, 
lr: 1.0E-04, loss: 2.5211
Evaluating model ...
Evaluating batch: #0
loss: 0.6228
epoch: 690/1000, lr: 1.0E-04 (1.0E-04)
iter: 0, epoch: 690/1000, 
lr: 1.0E-04, loss: 2.6027
epoch: 691/1000, lr: 1.0E-04 (1.0E-04)
iter: 0, epoch: 691/1000, 
lr: 1.0E-04, loss: 2.6170
epoch: 692/1000, lr: 1.0E-04 (1.0E-04)
iter: 0, epoch: 692/1000, 
lr: 1.0E-04, loss: 2.6816
epoch: 693/1000, lr: 1.0E-04 (1.0E-04)
iter: 0, epoch: 693/1000, 
lr: 1.0E-04, loss: 2.5883
epoch: 694/1000, lr: 1.0E-04 (1.0E-04)
iter: 0, epoch: 694/1000, 
lr: 1.0E-04, loss: 2.6453
epoch: 695/1000, lr: 1.0E-04 (1.0E-04)
iter: 0, epoch: 695/1000, 
lr: 1.0E-04, loss: 2.6944
epoch: 696/1000, lr: 1.0E-04 (1.0E-04)
iter: 0, epoch: 696/1000, 
lr: 1.0E-04, loss: 2.6817
epoch: 697/1000, lr: 1.0E-04 (1.0E-04)
iter: 0, epoch: 697/1000, 
lr: 1.0E-04, loss: 2.5519
epoch: 698/1000, lr: 1.0E-04 (1.0E-04)
iter: 0, epoch: 698/1000, 
lr: 1.0E-04, loss: 2.6529
epoch: 699/1000, lr: 1.0E-04 (1.0E-04)
iter: 0, epoch: 699/1000, 
lr: 1.0E-04, loss: 2.6044
Evaluating model ...
Evaluating batch: #0
loss: 0.6188
epoch: 700/1000, lr: 1.0E-04 (1.0E-04)
iter: 0, epoch: 700/1000, 
lr: 1.0E-04, loss: 2.6913
epoch: 701/1000, lr: 1.0E-04 (1.0E-04)
iter: 0, epoch: 701/1000, 
lr: 1.0E-04, loss: 2.6610
epoch: 702/1000, lr: 1.0E-04 (1.0E-04)
iter: 0, epoch: 702/1000, 
lr: 1.0E-04, loss: 2.5116
epoch: 703/1000, lr: 1.0E-04 (1.0E-04)
iter: 0, epoch: 703/1000, 
lr: 1.0E-04, loss: 2.5726
epoch: 704/1000, lr: 1.0E-04 (1.0E-04)
iter: 0, epoch: 704/1000, 
lr: 1.0E-04, loss: 2.5448
epoch: 705/1000, lr: 1.0E-04 (1.0E-04)
iter: 0, epoch: 705/1000, 
lr: 1.0E-04, loss: 2.6894
epoch: 706/1000, lr: 1.0E-04 (1.0E-04)
iter: 0, epoch: 706/1000, 
lr: 1.0E-04, loss: 2.6177
epoch: 707/1000, lr: 1.0E-04 (1.0E-04)
iter: 0, epoch: 707/1000, 
lr: 1.0E-04, loss: 2.6287
epoch: 708/1000, lr: 1.0E-04 (1.0E-04)
iter: 0, epoch: 708/1000, 
lr: 1.0E-04, loss: 2.6395
epoch: 709/1000, lr: 1.0E-04 (1.0E-04)
iter: 0, epoch: 709/1000, 
lr: 1.0E-04, loss: 2.5890
Evaluating model ...
Evaluating batch: #0
loss: 0.6136
epoch: 710/1000, lr: 1.0E-04 (1.0E-04)
iter: 0, epoch: 710/1000, 
lr: 1.0E-04, loss: 2.5872
epoch: 711/1000, lr: 1.0E-04 (1.0E-04)
iter: 0, epoch: 711/1000, 
lr: 1.0E-04, loss: 2.5753
epoch: 712/1000, lr: 1.0E-04 (1.0E-04)
iter: 0, epoch: 712/1000, 
lr: 1.0E-04, loss: 2.5350
epoch: 713/1000, lr: 1.0E-04 (1.0E-04)
iter: 0, epoch: 713/1000, 
lr: 1.0E-04, loss: 2.5288
epoch: 714/1000, lr: 1.0E-04 (1.0E-04)
iter: 0, epoch: 714/1000, 
lr: 1.0E-04, loss: 2.5264
epoch: 715/1000, lr: 1.0E-04 (1.0E-04)
iter: 0, epoch: 715/1000, 
lr: 1.0E-04, loss: 2.5522
epoch: 716/1000, lr: 1.0E-04 (1.0E-04)
iter: 0, epoch: 716/1000, 
lr: 1.0E-04, loss: 2.5913
epoch: 717/1000, lr: 1.0E-04 (1.0E-04)
iter: 0, epoch: 717/1000, 
lr: 1.0E-04, loss: 2.5876
epoch: 718/1000, lr: 1.0E-04 (1.0E-04)
iter: 0, epoch: 718/1000, 
lr: 1.0E-04, loss: 2.7048
epoch: 719/1000, lr: 1.0E-04 (1.0E-04)
iter: 0, epoch: 719/1000, 
lr: 1.0E-04, loss: 2.5209
Evaluating model ...
Evaluating batch: #0
loss: 0.6099
epoch: 720/1000, lr: 1.0E-04 (1.0E-04)
iter: 0, epoch: 720/1000, 
lr: 1.0E-04, loss: 2.5442
epoch: 721/1000, lr: 1.0E-04 (1.0E-04)
iter: 0, epoch: 721/1000, 
lr: 1.0E-04, loss: 2.6495
epoch: 722/1000, lr: 1.0E-04 (1.0E-04)
iter: 0, epoch: 722/1000, 
lr: 1.0E-04, loss: 2.4877
epoch: 723/1000, lr: 1.0E-04 (1.0E-04)
iter: 0, epoch: 723/1000, 
lr: 1.0E-04, loss: 2.5656
epoch: 724/1000, lr: 1.0E-04 (1.0E-04)
iter: 0, epoch: 724/1000, 
lr: 1.0E-04, loss: 2.6044
epoch: 725/1000, lr: 1.0E-04 (1.0E-04)
iter: 0, epoch: 725/1000, 
lr: 1.0E-04, loss: 2.3994
epoch: 726/1000, lr: 1.0E-04 (1.0E-04)
iter: 0, epoch: 726/1000, 
lr: 1.0E-04, loss: 2.6474
epoch: 727/1000, lr: 1.0E-04 (1.0E-04)
iter: 0, epoch: 727/1000, 
lr: 1.0E-04, loss: 2.5335
epoch: 728/1000, lr: 1.0E-04 (1.0E-04)
iter: 0, epoch: 728/1000, 
lr: 1.0E-04, loss: 2.5463
epoch: 729/1000, lr: 1.0E-04 (1.0E-04)
iter: 0, epoch: 729/1000, 
lr: 1.0E-04, loss: 2.5344
Evaluating model ...
Evaluating batch: #0
loss: 0.6085
epoch: 730/1000, lr: 1.0E-04 (1.0E-04)
iter: 0, epoch: 730/1000, 
lr: 1.0E-04, loss: 2.5899
epoch: 731/1000, lr: 1.0E-04 (1.0E-04)
iter: 0, epoch: 731/1000, 
lr: 1.0E-04, loss: 2.5010
epoch: 732/1000, lr: 1.0E-04 (1.0E-04)
iter: 0, epoch: 732/1000, 
lr: 1.0E-04, loss: 2.4056
epoch: 733/1000, lr: 1.0E-04 (1.0E-04)
iter: 0, epoch: 733/1000, 
lr: 1.0E-04, loss: 2.4856
epoch: 734/1000, lr: 1.0E-04 (1.0E-04)
iter: 0, epoch: 734/1000, 
lr: 1.0E-04, loss: 2.4944
epoch: 735/1000, lr: 1.0E-04 (1.0E-04)
iter: 0, epoch: 735/1000, 
lr: 1.0E-04, loss: 2.4977
epoch: 736/1000, lr: 1.0E-04 (1.0E-04)
iter: 0, epoch: 736/1000, 
lr: 1.0E-04, loss: 2.4096
epoch: 737/1000, lr: 1.0E-04 (1.0E-04)
iter: 0, epoch: 737/1000, 
lr: 1.0E-04, loss: 2.5085
epoch: 738/1000, lr: 1.0E-04 (1.0E-04)
iter: 0, epoch: 738/1000, 
lr: 1.0E-04, loss: 2.5088
epoch: 739/1000, lr: 1.0E-04 (1.0E-04)
iter: 0, epoch: 739/1000, 
lr: 1.0E-04, loss: 2.5306
Evaluating model ...
Evaluating batch: #0
loss: 0.6062
epoch: 740/1000, lr: 1.0E-04 (1.0E-04)
iter: 0, epoch: 740/1000, 
lr: 1.0E-04, loss: 2.4140
epoch: 741/1000, lr: 1.0E-04 (1.0E-04)
iter: 0, epoch: 741/1000, 
lr: 1.0E-04, loss: 2.4998
epoch: 742/1000, lr: 1.0E-04 (1.0E-04)
iter: 0, epoch: 742/1000, 
lr: 1.0E-04, loss: 2.5310
epoch: 743/1000, lr: 1.0E-04 (1.0E-04)
iter: 0, epoch: 743/1000, 
lr: 1.0E-04, loss: 2.3375
epoch: 744/1000, lr: 1.0E-04 (1.0E-04)
iter: 0, epoch: 744/1000, 
lr: 1.0E-04, loss: 2.4905
epoch: 745/1000, lr: 1.0E-04 (1.0E-04)
iter: 0, epoch: 745/1000, 
lr: 1.0E-04, loss: 2.4799
epoch: 746/1000, lr: 1.0E-04 (1.0E-04)
iter: 0, epoch: 746/1000, 
lr: 1.0E-04, loss: 2.4456
epoch: 747/1000, lr: 1.0E-04 (1.0E-04)
iter: 0, epoch: 747/1000, 
lr: 1.0E-04, loss: 2.5002
epoch: 748/1000, lr: 1.0E-04 (1.0E-04)
iter: 0, epoch: 748/1000, 
lr: 1.0E-04, loss: 2.5542
epoch: 749/1000, lr: 1.0E-04 (1.0E-04)
iter: 0, epoch: 749/1000, 
lr: 1.0E-04, loss: 2.5964
Evaluating model ...
Evaluating batch: #0
loss: 0.6038
epoch: 750/1000, lr: 1.0E-04 (1.0E-04)
iter: 0, epoch: 750/1000, 
lr: 1.0E-04, loss: 2.4892
epoch: 751/1000, lr: 1.0E-04 (1.0E-04)
iter: 0, epoch: 751/1000, 
lr: 1.0E-04, loss: 2.4610
epoch: 752/1000, lr: 1.0E-04 (1.0E-04)
iter: 0, epoch: 752/1000, 
lr: 1.0E-04, loss: 2.5253
epoch: 753/1000, lr: 1.0E-04 (1.0E-04)
iter: 0, epoch: 753/1000, 
lr: 1.0E-04, loss: 2.3691
epoch: 754/1000, lr: 1.0E-04 (1.0E-04)
iter: 0, epoch: 754/1000, 
lr: 1.0E-04, loss: 2.5043
epoch: 755/1000, lr: 1.0E-04 (1.0E-04)
iter: 0, epoch: 755/1000, 
lr: 1.0E-04, loss: 2.3940
epoch: 756/1000, lr: 1.0E-04 (1.0E-04)
iter: 0, epoch: 756/1000, 
lr: 1.0E-04, loss: 2.3977
epoch: 757/1000, lr: 1.0E-04 (1.0E-04)
iter: 0, epoch: 757/1000, 
lr: 1.0E-04, loss: 2.4946
epoch: 758/1000, lr: 1.0E-04 (1.0E-04)
iter: 0, epoch: 758/1000, 
lr: 1.0E-04, loss: 2.4645
epoch: 759/1000, lr: 1.0E-04 (1.0E-04)
iter: 0, epoch: 759/1000, 
lr: 1.0E-04, loss: 2.5388
Evaluating model ...
Evaluating batch: #0
loss: 0.6031
epoch: 760/1000, lr: 1.0E-04 (1.0E-04)
iter: 0, epoch: 760/1000, 
lr: 1.0E-04, loss: 2.5314
epoch: 761/1000, lr: 1.0E-04 (1.0E-04)
iter: 0, epoch: 761/1000, 
lr: 1.0E-04, loss: 2.4032
epoch: 762/1000, lr: 1.0E-04 (1.0E-04)
iter: 0, epoch: 762/1000, 
lr: 1.0E-04, loss: 2.4059
epoch: 763/1000, lr: 1.0E-04 (1.0E-04)
iter: 0, epoch: 763/1000, 
lr: 1.0E-04, loss: 2.3571
epoch: 764/1000, lr: 1.0E-04 (1.0E-04)
iter: 0, epoch: 764/1000, 
lr: 1.0E-04, loss: 2.3511
epoch: 765/1000, lr: 1.0E-04 (1.0E-04)
iter: 0, epoch: 765/1000, 
lr: 1.0E-04, loss: 2.5261
epoch: 766/1000, lr: 1.0E-04 (1.0E-04)
iter: 0, epoch: 766/1000, 
lr: 1.0E-04, loss: 2.4041
epoch: 767/1000, lr: 1.0E-04 (1.0E-04)
iter: 0, epoch: 767/1000, 
lr: 1.0E-04, loss: 2.4637
epoch: 768/1000, lr: 1.0E-04 (1.0E-04)
iter: 0, epoch: 768/1000, 
lr: 1.0E-04, loss: 2.3554
epoch: 769/1000, lr: 1.0E-04 (1.0E-04)
iter: 0, epoch: 769/1000, 
lr: 1.0E-04, loss: 2.3268
Evaluating model ...
Evaluating batch: #0
loss: 0.6039
epoch: 770/1000, lr: 1.0E-04 (1.0E-04)
iter: 0, epoch: 770/1000, 
lr: 1.0E-04, loss: 2.4664
epoch: 771/1000, lr: 1.0E-04 (1.0E-04)
iter: 0, epoch: 771/1000, 
lr: 1.0E-04, loss: 2.4059
epoch: 772/1000, lr: 1.0E-04 (1.0E-04)
iter: 0, epoch: 772/1000, 
lr: 1.0E-04, loss: 2.3924
epoch: 773/1000, lr: 1.0E-04 (1.0E-04)
iter: 0, epoch: 773/1000, 
lr: 1.0E-04, loss: 2.4071
epoch: 774/1000, lr: 1.0E-04 (1.0E-04)
iter: 0, epoch: 774/1000, 
lr: 1.0E-04, loss: 2.4002
epoch: 775/1000, lr: 1.0E-04 (1.0E-04)
iter: 0, epoch: 775/1000, 
lr: 1.0E-04, loss: 2.4559
epoch: 776/1000, lr: 1.0E-04 (1.0E-04)
iter: 0, epoch: 776/1000, 
lr: 1.0E-04, loss: 2.4068
epoch: 777/1000, lr: 1.0E-04 (1.0E-04)
iter: 0, epoch: 777/1000, 
lr: 1.0E-04, loss: 2.3931
epoch: 778/1000, lr: 1.0E-04 (1.0E-04)
iter: 0, epoch: 778/1000, 
lr: 1.0E-04, loss: 2.4465
epoch: 779/1000, lr: 1.0E-04 (1.0E-04)
iter: 0, epoch: 779/1000, 
lr: 1.0E-04, loss: 2.4010
Evaluating model ...
Evaluating batch: #0
loss: 0.6037
epoch: 780/1000, lr: 1.0E-04 (1.0E-04)
iter: 0, epoch: 780/1000, 
lr: 1.0E-04, loss: 2.3815
epoch: 781/1000, lr: 1.0E-04 (1.0E-04)
iter: 0, epoch: 781/1000, 
lr: 1.0E-04, loss: 2.2881
epoch: 782/1000, lr: 1.0E-04 (1.0E-04)
iter: 0, epoch: 782/1000, 
lr: 1.0E-04, loss: 2.4171
epoch: 783/1000, lr: 1.0E-04 (1.0E-04)
iter: 0, epoch: 783/1000, 
lr: 1.0E-04, loss: 2.4166
epoch: 784/1000, lr: 1.0E-04 (1.0E-04)
iter: 0, epoch: 784/1000, 
lr: 1.0E-04, loss: 2.3596
epoch: 785/1000, lr: 1.0E-04 (1.0E-04)
iter: 0, epoch: 785/1000, 
lr: 1.0E-04, loss: 2.3454
epoch: 786/1000, lr: 1.0E-04 (1.0E-04)
iter: 0, epoch: 786/1000, 
lr: 1.0E-04, loss: 2.3453
epoch: 787/1000, lr: 1.0E-04 (1.0E-04)
iter: 0, epoch: 787/1000, 
lr: 1.0E-04, loss: 2.3570
epoch: 788/1000, lr: 1.0E-04 (1.0E-04)
iter: 0, epoch: 788/1000, 
lr: 1.0E-04, loss: 2.3731
epoch: 789/1000, lr: 1.0E-04 (1.0E-04)
iter: 0, epoch: 789/1000, 
lr: 1.0E-04, loss: 2.4022
Evaluating model ...
Evaluating batch: #0
loss: 0.6033
epoch: 790/1000, lr: 1.0E-04 (1.0E-04)
iter: 0, epoch: 790/1000, 
lr: 1.0E-04, loss: 2.2886
epoch: 791/1000, lr: 1.0E-04 (1.0E-04)
iter: 0, epoch: 791/1000, 
lr: 1.0E-04, loss: 2.3755
epoch: 792/1000, lr: 1.0E-04 (1.0E-04)
iter: 0, epoch: 792/1000, 
lr: 1.0E-04, loss: 2.2855
epoch: 793/1000, lr: 1.0E-04 (1.0E-04)
iter: 0, epoch: 793/1000, 
lr: 1.0E-04, loss: 2.3306
epoch: 794/1000, lr: 1.0E-04 (1.0E-04)
iter: 0, epoch: 794/1000, 
lr: 1.0E-04, loss: 2.3926
epoch: 795/1000, lr: 1.0E-04 (1.0E-04)
iter: 0, epoch: 795/1000, 
lr: 1.0E-04, loss: 2.3392
epoch: 796/1000, lr: 1.0E-04 (1.0E-04)
iter: 0, epoch: 796/1000, 
lr: 1.0E-04, loss: 2.4628
epoch: 797/1000, lr: 1.0E-04 (1.0E-04)
iter: 0, epoch: 797/1000, 
lr: 1.0E-04, loss: 2.3642
epoch: 798/1000, lr: 1.0E-04 (1.0E-04)
iter: 0, epoch: 798/1000, 
lr: 1.0E-04, loss: 2.2991
epoch: 799/1000, lr: 1.0E-04 (1.0E-04)
iter: 0, epoch: 799/1000, 
lr: 1.0E-04, loss: 2.3680
Evaluating model ...
Evaluating batch: #0
loss: 0.6040
epoch: 800/1000, lr: 1.0E-04 (1.0E-04)
iter: 0, epoch: 800/1000, 
lr: 1.0E-04, loss: 2.3808
epoch: 801/1000, lr: 1.0E-04 (1.0E-04)
iter: 0, epoch: 801/1000, 
lr: 1.0E-04, loss: 2.3315
epoch: 802/1000, lr: 1.0E-04 (1.0E-04)
iter: 0, epoch: 802/1000, 
lr: 1.0E-04, loss: 2.3253
epoch: 803/1000, lr: 1.0E-04 (1.0E-04)
iter: 0, epoch: 803/1000, 
lr: 1.0E-04, loss: 2.3428
epoch: 804/1000, lr: 1.0E-04 (1.0E-04)
iter: 0, epoch: 804/1000, 
lr: 1.0E-04, loss: 2.3286
epoch: 805/1000, lr: 1.0E-04 (1.0E-04)
iter: 0, epoch: 805/1000, 
lr: 1.0E-04, loss: 2.4291
epoch: 806/1000, lr: 1.0E-04 (1.0E-04)
iter: 0, epoch: 806/1000, 
lr: 1.0E-04, loss: 2.3204
epoch: 807/1000, lr: 1.0E-04 (1.0E-04)
iter: 0, epoch: 807/1000, 
lr: 1.0E-04, loss: 2.3178
epoch: 808/1000, lr: 1.0E-04 (1.0E-04)
iter: 0, epoch: 808/1000, 
lr: 1.0E-04, loss: 2.2494
epoch: 809/1000, lr: 1.0E-04 (1.0E-04)
iter: 0, epoch: 809/1000, 
lr: 1.0E-04, loss: 2.2197
Evaluating model ...
Evaluating batch: #0
loss: 0.6073
epoch: 810/1000, lr: 1.0E-04 (1.0E-04)
iter: 0, epoch: 810/1000, 
lr: 1.0E-04, loss: 2.3123
epoch: 811/1000, lr: 1.0E-04 (1.0E-04)
iter: 0, epoch: 811/1000, 
lr: 1.0E-04, loss: 2.3121
epoch: 812/1000, lr: 1.0E-04 (1.0E-04)
iter: 0, epoch: 812/1000, 
lr: 1.0E-04, loss: 2.2532
epoch: 813/1000, lr: 1.0E-04 (1.0E-04)
iter: 0, epoch: 813/1000, 
lr: 1.0E-04, loss: 2.2438
epoch: 814/1000, lr: 1.0E-04 (1.0E-04)
iter: 0, epoch: 814/1000, 
lr: 1.0E-04, loss: 2.2603
epoch: 815/1000, lr: 1.0E-04 (1.0E-04)
iter: 0, epoch: 815/1000, 
lr: 1.0E-04, loss: 2.2945
epoch: 816/1000, lr: 1.0E-04 (1.0E-04)
iter: 0, epoch: 816/1000, 
lr: 1.0E-04, loss: 2.3069
epoch: 817/1000, lr: 1.0E-04 (1.0E-04)
iter: 0, epoch: 817/1000, 
lr: 1.0E-04, loss: 2.2486
epoch: 818/1000, lr: 1.0E-04 (1.0E-04)
iter: 0, epoch: 818/1000, 
lr: 1.0E-04, loss: 2.2868
epoch: 819/1000, lr: 1.0E-04 (1.0E-04)
iter: 0, epoch: 819/1000, 
lr: 1.0E-04, loss: 2.2473
Evaluating model ...
Evaluating batch: #0
loss: 0.6082
epoch: 820/1000, lr: 1.0E-04 (1.0E-04)
iter: 0, epoch: 820/1000, 
lr: 1.0E-04, loss: 2.1901
epoch: 821/1000, lr: 1.0E-04 (1.0E-04)
iter: 0, epoch: 821/1000, 
lr: 1.0E-04, loss: 2.3273
epoch: 822/1000, lr: 1.0E-04 (1.0E-04)
iter: 0, epoch: 822/1000, 
lr: 1.0E-04, loss: 2.2522
epoch: 823/1000, lr: 1.0E-04 (1.0E-04)
iter: 0, epoch: 823/1000, 
lr: 1.0E-04, loss: 2.2717
epoch: 824/1000, lr: 1.0E-04 (1.0E-04)
iter: 0, epoch: 824/1000, 
lr: 1.0E-04, loss: 2.1921
epoch: 825/1000, lr: 1.0E-04 (1.0E-04)
iter: 0, epoch: 825/1000, 
lr: 1.0E-04, loss: 2.3815
epoch: 826/1000, lr: 1.0E-04 (1.0E-04)
iter: 0, epoch: 826/1000, 
lr: 1.0E-04, loss: 2.3051
epoch: 827/1000, lr: 1.0E-04 (1.0E-04)
iter: 0, epoch: 827/1000, 
lr: 1.0E-04, loss: 2.1908
epoch: 828/1000, lr: 1.0E-04 (1.0E-04)
iter: 0, epoch: 828/1000, 
lr: 1.0E-04, loss: 2.3139
epoch: 829/1000, lr: 1.0E-04 (1.0E-04)
iter: 0, epoch: 829/1000, 
lr: 1.0E-04, loss: 2.2673
Evaluating model ...
Evaluating batch: #0
loss: 0.6132
epoch: 830/1000, lr: 1.0E-04 (1.0E-04)
iter: 0, epoch: 830/1000, 
lr: 1.0E-04, loss: 2.2747
epoch: 831/1000, lr: 1.0E-04 (1.0E-04)
iter: 0, epoch: 831/1000, 
lr: 1.0E-04, loss: 2.3216
epoch: 832/1000, lr: 1.0E-04 (1.0E-04)
iter: 0, epoch: 832/1000, 
lr: 1.0E-04, loss: 2.3034
epoch: 833/1000, lr: 1.0E-04 (1.0E-04)
iter: 0, epoch: 833/1000, 
lr: 1.0E-04, loss: 2.1953
epoch: 834/1000, lr: 1.0E-04 (1.0E-04)
iter: 0, epoch: 834/1000, 
lr: 1.0E-04, loss: 2.2468
epoch: 835/1000, lr: 1.0E-04 (1.0E-04)
iter: 0, epoch: 835/1000, 
lr: 1.0E-04, loss: 2.2380
epoch: 836/1000, lr: 1.0E-04 (1.0E-04)
iter: 0, epoch: 836/1000, 
lr: 1.0E-04, loss: 2.2493
epoch: 837/1000, lr: 1.0E-04 (1.0E-04)
iter: 0, epoch: 837/1000, 
lr: 1.0E-04, loss: 2.2434
epoch: 838/1000, lr: 1.0E-04 (1.0E-04)
iter: 0, epoch: 838/1000, 
lr: 1.0E-04, loss: 2.2390
epoch: 839/1000, lr: 1.0E-04 (1.0E-04)
iter: 0, epoch: 839/1000, 
lr: 1.0E-04, loss: 2.2579
Evaluating model ...
Evaluating batch: #0
loss: 0.6116
epoch: 840/1000, lr: 1.0E-04 (1.0E-04)
iter: 0, epoch: 840/1000, 
lr: 1.0E-04, loss: 2.3486
epoch: 841/1000, lr: 1.0E-04 (1.0E-04)
iter: 0, epoch: 841/1000, 
lr: 1.0E-04, loss: 2.3115
epoch: 842/1000, lr: 1.0E-04 (1.0E-04)
iter: 0, epoch: 842/1000, 
lr: 1.0E-04, loss: 2.1943
epoch: 843/1000, lr: 1.0E-04 (1.0E-04)
iter: 0, epoch: 843/1000, 
lr: 1.0E-04, loss: 2.1877
epoch: 844/1000, lr: 1.0E-04 (1.0E-04)
iter: 0, epoch: 844/1000, 
lr: 1.0E-04, loss: 2.2350
epoch: 845/1000, lr: 1.0E-04 (1.0E-04)
iter: 0, epoch: 845/1000, 
lr: 1.0E-04, loss: 2.2171
epoch: 846/1000, lr: 1.0E-04 (1.0E-04)
iter: 0, epoch: 846/1000, 
lr: 1.0E-04, loss: 2.1255
epoch: 847/1000, lr: 1.0E-04 (1.0E-04)
iter: 0, epoch: 847/1000, 
lr: 1.0E-04, loss: 2.2104
epoch: 848/1000, lr: 1.0E-04 (1.0E-04)
iter: 0, epoch: 848/1000, 
lr: 1.0E-04, loss: 2.2465
epoch: 849/1000, lr: 1.0E-04 (1.0E-04)
iter: 0, epoch: 849/1000, 
lr: 1.0E-04, loss: 2.1371
Evaluating model ...
Evaluating batch: #0
loss: 0.6095
epoch: 850/1000, lr: 1.0E-04 (1.0E-04)
iter: 0, epoch: 850/1000, 
lr: 1.0E-04, loss: 2.2335
epoch: 851/1000, lr: 1.0E-04 (1.0E-04)
iter: 0, epoch: 851/1000, 
lr: 1.0E-04, loss: 2.2184
epoch: 852/1000, lr: 1.0E-04 (1.0E-04)
iter: 0, epoch: 852/1000, 
lr: 1.0E-04, loss: 2.1537
epoch: 853/1000, lr: 1.0E-04 (1.0E-04)
iter: 0, epoch: 853/1000, 
lr: 1.0E-04, loss: 2.1111
epoch: 854/1000, lr: 1.0E-04 (1.0E-04)
iter: 0, epoch: 854/1000, 
lr: 1.0E-04, loss: 2.1644
epoch: 855/1000, lr: 1.0E-04 (1.0E-04)
iter: 0, epoch: 855/1000, 
lr: 1.0E-04, loss: 2.2329
epoch: 856/1000, lr: 1.0E-04 (1.0E-04)
iter: 0, epoch: 856/1000, 
lr: 1.0E-04, loss: 2.2474
epoch: 857/1000, lr: 1.0E-04 (1.0E-04)
iter: 0, epoch: 857/1000, 
lr: 1.0E-04, loss: 2.1794
epoch: 858/1000, lr: 1.0E-04 (1.0E-04)
iter: 0, epoch: 858/1000, 
lr: 1.0E-04, loss: 2.2749
epoch: 859/1000, lr: 1.0E-04 (1.0E-04)
iter: 0, epoch: 859/1000, 
lr: 1.0E-04, loss: 2.1913
Evaluating model ...
Evaluating batch: #0
loss: 0.6065
epoch: 860/1000, lr: 1.0E-04 (1.0E-04)
iter: 0, epoch: 860/1000, 
lr: 1.0E-04, loss: 2.2241
epoch: 861/1000, lr: 1.0E-04 (1.0E-04)
iter: 0, epoch: 861/1000, 
lr: 1.0E-04, loss: 2.1145
epoch: 862/1000, lr: 1.0E-04 (1.0E-04)
iter: 0, epoch: 862/1000, 
lr: 1.0E-04, loss: 2.1779
epoch: 863/1000, lr: 1.0E-04 (1.0E-04)
iter: 0, epoch: 863/1000, 
lr: 1.0E-04, loss: 2.2165
epoch: 864/1000, lr: 1.0E-04 (1.0E-04)
iter: 0, epoch: 864/1000, 
lr: 1.0E-04, loss: 2.2585
epoch: 865/1000, lr: 1.0E-04 (1.0E-04)
iter: 0, epoch: 865/1000, 
lr: 1.0E-04, loss: 2.1789
epoch: 866/1000, lr: 1.0E-04 (1.0E-04)
iter: 0, epoch: 866/1000, 
lr: 1.0E-04, loss: 2.3186
epoch: 867/1000, lr: 1.0E-04 (1.0E-04)
iter: 0, epoch: 867/1000, 
lr: 1.0E-04, loss: 2.1818
epoch: 868/1000, lr: 1.0E-04 (1.0E-04)
iter: 0, epoch: 868/1000, 
lr: 1.0E-04, loss: 2.1351
epoch: 869/1000, lr: 1.0E-04 (1.0E-04)
iter: 0, epoch: 869/1000, 
lr: 1.0E-04, loss: 2.1756
Evaluating model ...
Evaluating batch: #0
loss: 0.6115
epoch: 870/1000, lr: 1.0E-04 (1.0E-04)
iter: 0, epoch: 870/1000, 
lr: 1.0E-04, loss: 2.2068
epoch: 871/1000, lr: 1.0E-04 (1.0E-04)
iter: 0, epoch: 871/1000, 
lr: 1.0E-04, loss: 2.1216
epoch: 872/1000, lr: 1.0E-04 (1.0E-04)
iter: 0, epoch: 872/1000, 
lr: 1.0E-04, loss: 2.1035
epoch: 873/1000, lr: 1.0E-04 (1.0E-04)
iter: 0, epoch: 873/1000, 
lr: 1.0E-04, loss: 2.1515
epoch: 874/1000, lr: 1.0E-04 (1.0E-04)
iter: 0, epoch: 874/1000, 
lr: 1.0E-04, loss: 2.1746
epoch: 875/1000, lr: 1.0E-04 (1.0E-04)
iter: 0, epoch: 875/1000, 
lr: 1.0E-04, loss: 2.1284
epoch: 876/1000, lr: 1.0E-04 (1.0E-04)
iter: 0, epoch: 876/1000, 
lr: 1.0E-04, loss: 2.1708
epoch: 877/1000, lr: 1.0E-04 (1.0E-04)
iter: 0, epoch: 877/1000, 
lr: 1.0E-04, loss: 2.1254
epoch: 878/1000, lr: 1.0E-04 (1.0E-04)
iter: 0, epoch: 878/1000, 
lr: 1.0E-04, loss: 2.1492
epoch: 879/1000, lr: 1.0E-04 (1.0E-04)
iter: 0, epoch: 879/1000, 
lr: 1.0E-04, loss: 2.2063
Evaluating model ...
Evaluating batch: #0
loss: 0.6198
epoch: 880/1000, lr: 1.0E-04 (1.0E-04)
iter: 0, epoch: 880/1000, 
lr: 1.0E-04, loss: 2.1650
epoch: 881/1000, lr: 1.0E-04 (1.0E-04)
iter: 0, epoch: 881/1000, 
lr: 1.0E-04, loss: 2.2050
epoch: 882/1000, lr: 1.0E-04 (1.0E-04)
iter: 0, epoch: 882/1000, 
lr: 1.0E-04, loss: 2.1288
epoch: 883/1000, lr: 1.0E-04 (1.0E-04)
iter: 0, epoch: 883/1000, 
lr: 1.0E-04, loss: 2.2565
epoch: 884/1000, lr: 1.0E-04 (1.0E-04)
iter: 0, epoch: 884/1000, 
lr: 1.0E-04, loss: 2.1842
epoch: 885/1000, lr: 1.0E-04 (1.0E-04)
iter: 0, epoch: 885/1000, 
lr: 1.0E-04, loss: 2.1802
epoch: 886/1000, lr: 1.0E-04 (1.0E-04)
iter: 0, epoch: 886/1000, 
lr: 1.0E-04, loss: 2.1455
epoch: 887/1000, lr: 1.0E-04 (1.0E-04)
iter: 0, epoch: 887/1000, 
lr: 1.0E-04, loss: 2.1877
epoch: 888/1000, lr: 1.0E-04 (1.0E-04)
iter: 0, epoch: 888/1000, 
lr: 1.0E-04, loss: 2.1931
epoch: 889/1000, lr: 1.0E-04 (1.0E-04)
iter: 0, epoch: 889/1000, 
lr: 1.0E-04, loss: 2.1830
Evaluating model ...
Evaluating batch: #0
loss: 0.6319
epoch: 890/1000, lr: 1.0E-04 (1.0E-04)
iter: 0, epoch: 890/1000, 
lr: 1.0E-04, loss: 2.1917
epoch: 891/1000, lr: 1.0E-04 (1.0E-04)
iter: 0, epoch: 891/1000, 
lr: 1.0E-04, loss: 2.0542
epoch: 892/1000, lr: 1.0E-04 (1.0E-04)
iter: 0, epoch: 892/1000, 
lr: 1.0E-04, loss: 2.1623
epoch: 893/1000, lr: 1.0E-04 (1.0E-04)
iter: 0, epoch: 893/1000, 
lr: 1.0E-04, loss: 2.1099
epoch: 894/1000, lr: 1.0E-04 (1.0E-04)
iter: 0, epoch: 894/1000, 
lr: 1.0E-04, loss: 2.2223
epoch: 895/1000, lr: 1.0E-04 (1.0E-04)
iter: 0, epoch: 895/1000, 
lr: 1.0E-04, loss: 2.1374
epoch: 896/1000, lr: 1.0E-04 (1.0E-04)
iter: 0, epoch: 896/1000, 
lr: 1.0E-04, loss: 2.0834
epoch: 897/1000, lr: 1.0E-04 (1.0E-04)
iter: 0, epoch: 897/1000, 
lr: 1.0E-04, loss: 2.1283
epoch: 898/1000, lr: 1.0E-04 (1.0E-04)
iter: 0, epoch: 898/1000, 
lr: 1.0E-04, loss: 2.0230
epoch: 899/1000, lr: 1.0E-04 (1.0E-04)
iter: 0, epoch: 899/1000, 
lr: 1.0E-04, loss: 2.1404
Evaluating model ...
Evaluating batch: #0
loss: 0.6270
epoch: 900/1000, lr: 1.0E-04 (1.0E-04)
iter: 0, epoch: 900/1000, 
lr: 1.0E-04, loss: 2.1490
epoch: 901/1000, lr: 1.0E-04 (1.0E-04)
iter: 0, epoch: 901/1000, 
lr: 1.0E-04, loss: 2.0710
epoch: 902/1000, lr: 1.0E-04 (1.0E-04)
iter: 0, epoch: 902/1000, 
lr: 1.0E-04, loss: 2.2078
epoch: 903/1000, lr: 1.0E-04 (1.0E-04)
iter: 0, epoch: 903/1000, 
lr: 1.0E-04, loss: 2.1162
epoch: 904/1000, lr: 1.0E-04 (1.0E-04)
iter: 0, epoch: 904/1000, 
lr: 1.0E-04, loss: 2.1675
epoch: 905/1000, lr: 1.0E-04 (1.0E-04)
iter: 0, epoch: 905/1000, 
lr: 1.0E-04, loss: 2.1112
epoch: 906/1000, lr: 1.0E-04 (1.0E-04)
iter: 0, epoch: 906/1000, 
lr: 1.0E-04, loss: 2.1113
epoch: 907/1000, lr: 1.0E-04 (1.0E-04)
iter: 0, epoch: 907/1000, 
lr: 1.0E-04, loss: 2.0697
epoch: 908/1000, lr: 1.0E-04 (1.0E-04)
iter: 0, epoch: 908/1000, 
lr: 1.0E-04, loss: 2.0996
epoch: 909/1000, lr: 1.0E-04 (1.0E-04)
iter: 0, epoch: 909/1000, 
lr: 1.0E-04, loss: 2.1018
Evaluating model ...
Evaluating batch: #0
loss: 0.6262
epoch: 910/1000, lr: 1.0E-04 (1.0E-04)
iter: 0, epoch: 910/1000, 
lr: 1.0E-04, loss: 2.1102
epoch: 911/1000, lr: 1.0E-04 (1.0E-04)
iter: 0, epoch: 911/1000, 
lr: 1.0E-04, loss: 2.0606
epoch: 912/1000, lr: 1.0E-04 (1.0E-04)
iter: 0, epoch: 912/1000, 
lr: 1.0E-04, loss: 2.1183
epoch: 913/1000, lr: 1.0E-04 (1.0E-04)
iter: 0, epoch: 913/1000, 
lr: 1.0E-04, loss: 2.1511
epoch: 914/1000, lr: 1.0E-04 (1.0E-04)
iter: 0, epoch: 914/1000, 
lr: 1.0E-04, loss: 2.1160
epoch: 915/1000, lr: 1.0E-04 (1.0E-04)
iter: 0, epoch: 915/1000, 
lr: 1.0E-04, loss: 2.0845
epoch: 916/1000, lr: 1.0E-04 (1.0E-04)
iter: 0, epoch: 916/1000, 
lr: 1.0E-04, loss: 2.1277
epoch: 917/1000, lr: 1.0E-04 (1.0E-04)
iter: 0, epoch: 917/1000, 
lr: 1.0E-04, loss: 2.1377
epoch: 918/1000, lr: 1.0E-04 (1.0E-04)
iter: 0, epoch: 918/1000, 
lr: 1.0E-04, loss: 2.0316
epoch: 919/1000, lr: 1.0E-04 (1.0E-04)
iter: 0, epoch: 919/1000, 
lr: 1.0E-04, loss: 2.1017
Evaluating model ...
Evaluating batch: #0
loss: 0.6344
epoch: 920/1000, lr: 1.0E-04 (1.0E-04)
iter: 0, epoch: 920/1000, 
lr: 1.0E-04, loss: 2.0785
epoch: 921/1000, lr: 1.0E-04 (1.0E-04)
iter: 0, epoch: 921/1000, 
lr: 1.0E-04, loss: 2.0153
epoch: 922/1000, lr: 1.0E-04 (1.0E-04)
iter: 0, epoch: 922/1000, 
lr: 1.0E-04, loss: 2.1138
epoch: 923/1000, lr: 1.0E-04 (1.0E-04)
iter: 0, epoch: 923/1000, 
lr: 1.0E-04, loss: 2.1068
epoch: 924/1000, lr: 1.0E-04 (1.0E-04)
iter: 0, epoch: 924/1000, 
lr: 1.0E-04, loss: 2.1035
epoch: 925/1000, lr: 1.0E-04 (1.0E-04)
iter: 0, epoch: 925/1000, 
lr: 1.0E-04, loss: 2.1043
epoch: 926/1000, lr: 1.0E-04 (1.0E-04)/home/lzh/anaconda3/lib/python3.6/site-packages/h5py/__init__.py:34: FutureWarning: Conversion of the second argument of issubdtype from `float` to `np.floating` is deprecated. In future, it will be treated as `np.float64 == np.dtype(float).type`.
  from ._conv import register_converters as _register_converters

iter: 0, epoch: 926/1000, 
lr: 1.0E-04, loss: 2.0544
epoch: 927/1000, lr: 1.0E-04 (1.0E-04)
iter: 0, epoch: 927/1000, 
lr: 1.0E-04, loss: 2.0276
epoch: 928/1000, lr: 1.0E-04 (1.0E-04)
iter: 0, epoch: 928/1000, 
lr: 1.0E-04, loss: 2.0604
epoch: 929/1000, lr: 1.0E-04 (1.0E-04)
iter: 0, epoch: 929/1000, 
lr: 1.0E-04, loss: 2.1199
Evaluating model ...
Evaluating batch: #0
loss: 0.6345
epoch: 930/1000, lr: 1.0E-04 (1.0E-04)
iter: 0, epoch: 930/1000, 
lr: 1.0E-04, loss: 2.1282
epoch: 931/1000, lr: 1.0E-04 (1.0E-04)
iter: 0, epoch: 931/1000, 
lr: 1.0E-04, loss: 2.1586
epoch: 932/1000, lr: 1.0E-04 (1.0E-04)
iter: 0, epoch: 932/1000, 
lr: 1.0E-04, loss: 2.0238
epoch: 933/1000, lr: 1.0E-04 (1.0E-04)
iter: 0, epoch: 933/1000, 
lr: 1.0E-04, loss: 2.0422
epoch: 934/1000, lr: 1.0E-04 (1.0E-04)
iter: 0, epoch: 934/1000, 
lr: 1.0E-04, loss: 2.1297
epoch: 935/1000, lr: 1.0E-04 (1.0E-04)
iter: 0, epoch: 935/1000, 
lr: 1.0E-04, loss: 2.0520
epoch: 936/1000, lr: 1.0E-04 (1.0E-04)
iter: 0, epoch: 936/1000, 
lr: 1.0E-04, loss: 2.0617
epoch: 937/1000, lr: 1.0E-04 (1.0E-04)
iter: 0, epoch: 937/1000, 
lr: 1.0E-04, loss: 2.0336
epoch: 938/1000, lr: 1.0E-04 (1.0E-04)
iter: 0, epoch: 938/1000, 
lr: 1.0E-04, loss: 2.0450
epoch: 939/1000, lr: 1.0E-04 (1.0E-04)
iter: 0, epoch: 939/1000, 
lr: 1.0E-04, loss: 2.0814
Evaluating model ...
Evaluating batch: #0
loss: 0.6292
epoch: 940/1000, lr: 1.0E-04 (1.0E-04)
iter: 0, epoch: 940/1000, 
lr: 1.0E-04, loss: 2.0401
epoch: 941/1000, lr: 1.0E-04 (1.0E-04)
iter: 0, epoch: 941/1000, 
lr: 1.0E-04, loss: 2.0114
epoch: 942/1000, lr: 1.0E-04 (1.0E-04)
iter: 0, epoch: 942/1000, 
lr: 1.0E-04, loss: 2.0572
epoch: 943/1000, lr: 1.0E-04 (1.0E-04)
iter: 0, epoch: 943/1000, 
lr: 1.0E-04, loss: 1.9527
epoch: 944/1000, lr: 1.0E-04 (1.0E-04)
iter: 0, epoch: 944/1000, 
lr: 1.0E-04, loss: 2.0425
epoch: 945/1000, lr: 1.0E-04 (1.0E-04)
iter: 0, epoch: 945/1000, 
lr: 1.0E-04, loss: 2.0334
epoch: 946/1000, lr: 1.0E-04 (1.0E-04)
iter: 0, epoch: 946/1000, 
lr: 1.0E-04, loss: 2.0803
epoch: 947/1000, lr: 1.0E-04 (1.0E-04)
iter: 0, epoch: 947/1000, 
lr: 1.0E-04, loss: 2.0859
epoch: 948/1000, lr: 1.0E-04 (1.0E-04)
iter: 0, epoch: 948/1000, 
lr: 1.0E-04, loss: 2.0571
epoch: 949/1000, lr: 1.0E-04 (1.0E-04)
iter: 0, epoch: 949/1000, 
lr: 1.0E-04, loss: 2.1062
Evaluating model ...
Evaluating batch: #0
loss: 0.6361
epoch: 950/1000, lr: 1.0E-04 (1.0E-04)
iter: 0, epoch: 950/1000, 
lr: 1.0E-04, loss: 2.0742
epoch: 951/1000, lr: 1.0E-04 (1.0E-04)
iter: 0, epoch: 951/1000, 
lr: 1.0E-04, loss: 2.0344
epoch: 952/1000, lr: 1.0E-04 (1.0E-04)
iter: 0, epoch: 952/1000, 
lr: 1.0E-04, loss: 2.0177
epoch: 953/1000, lr: 1.0E-04 (1.0E-04)
iter: 0, epoch: 953/1000, 
lr: 1.0E-04, loss: 2.0025
epoch: 954/1000, lr: 1.0E-04 (1.0E-04)
iter: 0, epoch: 954/1000, 
lr: 1.0E-04, loss: 1.9861
epoch: 955/1000, lr: 1.0E-04 (1.0E-04)
iter: 0, epoch: 955/1000, 
lr: 1.0E-04, loss: 1.9618
epoch: 956/1000, lr: 1.0E-04 (1.0E-04)
iter: 0, epoch: 956/1000, 
lr: 1.0E-04, loss: 1.9523
epoch: 957/1000, lr: 1.0E-04 (1.0E-04)
iter: 0, epoch: 957/1000, 
lr: 1.0E-04, loss: 2.0436
epoch: 958/1000, lr: 1.0E-04 (1.0E-04)
iter: 0, epoch: 958/1000, 
lr: 1.0E-04, loss: 2.0170
epoch: 959/1000, lr: 1.0E-04 (1.0E-04)
iter: 0, epoch: 959/1000, 
lr: 1.0E-04, loss: 1.9901
Evaluating model ...
Evaluating batch: #0
loss: 0.6380
epoch: 960/1000, lr: 1.0E-04 (1.0E-04)
iter: 0, epoch: 960/1000, 
lr: 1.0E-04, loss: 2.0112
epoch: 961/1000, lr: 1.0E-04 (1.0E-04)
iter: 0, epoch: 961/1000, 
lr: 1.0E-04, loss: 2.0237
epoch: 962/1000, lr: 1.0E-04 (1.0E-04)
iter: 0, epoch: 962/1000, 
lr: 1.0E-04, loss: 2.0612
epoch: 963/1000, lr: 1.0E-04 (1.0E-04)
iter: 0, epoch: 963/1000, 
lr: 1.0E-04, loss: 2.0598
epoch: 964/1000, lr: 1.0E-04 (1.0E-04)
iter: 0, epoch: 964/1000, 
lr: 1.0E-04, loss: 2.0605
epoch: 965/1000, lr: 1.0E-04 (1.0E-04)
iter: 0, epoch: 965/1000, 
lr: 1.0E-04, loss: 2.0187
epoch: 966/1000, lr: 1.0E-04 (1.0E-04)
iter: 0, epoch: 966/1000, 
lr: 1.0E-04, loss: 2.0435
epoch: 967/1000, lr: 1.0E-04 (1.0E-04)
iter: 0, epoch: 967/1000, 
lr: 1.0E-04, loss: 2.0653
epoch: 968/1000, lr: 1.0E-04 (1.0E-04)
iter: 0, epoch: 968/1000, 
lr: 1.0E-04, loss: 1.9385
epoch: 969/1000, lr: 1.0E-04 (1.0E-04)
iter: 0, epoch: 969/1000, 
lr: 1.0E-04, loss: 2.0733
Evaluating model ...
Evaluating batch: #0
loss: 0.6445
epoch: 970/1000, lr: 1.0E-04 (1.0E-04)
iter: 0, epoch: 970/1000, 
lr: 1.0E-04, loss: 1.9761
epoch: 971/1000, lr: 1.0E-04 (1.0E-04)
iter: 0, epoch: 971/1000, 
lr: 1.0E-04, loss: 1.9463
epoch: 972/1000, lr: 1.0E-04 (1.0E-04)
iter: 0, epoch: 972/1000, 
lr: 1.0E-04, loss: 2.0127
epoch: 973/1000, lr: 1.0E-04 (1.0E-04)
iter: 0, epoch: 973/1000, 
lr: 1.0E-04, loss: 1.9716
epoch: 974/1000, lr: 1.0E-04 (1.0E-04)
iter: 0, epoch: 974/1000, 
lr: 1.0E-04, loss: 1.9612
epoch: 975/1000, lr: 1.0E-04 (1.0E-04)
iter: 0, epoch: 975/1000, 
lr: 1.0E-04, loss: 1.9952
epoch: 976/1000, lr: 1.0E-04 (1.0E-04)
iter: 0, epoch: 976/1000, 
lr: 1.0E-04, loss: 2.1027
epoch: 977/1000, lr: 1.0E-04 (1.0E-04)
iter: 0, epoch: 977/1000, 
lr: 1.0E-04, loss: 2.0183
epoch: 978/1000, lr: 1.0E-04 (1.0E-04)
iter: 0, epoch: 978/1000, 
lr: 1.0E-04, loss: 1.9626
epoch: 979/1000, lr: 1.0E-04 (1.0E-04)
iter: 0, epoch: 979/1000, 
lr: 1.0E-04, loss: 1.9619
Evaluating model ...
Evaluating batch: #0
loss: 0.6475
epoch: 980/1000, lr: 1.0E-04 (1.0E-04)
iter: 0, epoch: 980/1000, 
lr: 1.0E-04, loss: 1.9763
epoch: 981/1000, lr: 1.0E-04 (1.0E-04)
iter: 0, epoch: 981/1000, 
lr: 1.0E-04, loss: 1.9502
epoch: 982/1000, lr: 1.0E-04 (1.0E-04)
iter: 0, epoch: 982/1000, 
lr: 1.0E-04, loss: 1.9199
epoch: 983/1000, lr: 1.0E-04 (1.0E-04)
iter: 0, epoch: 983/1000, 
lr: 1.0E-04, loss: 1.9328
epoch: 984/1000, lr: 1.0E-04 (1.0E-04)
iter: 0, epoch: 984/1000, 
lr: 1.0E-04, loss: 1.9170
epoch: 985/1000, lr: 1.0E-04 (1.0E-04)
iter: 0, epoch: 985/1000, 
lr: 1.0E-04, loss: 2.0392
epoch: 986/1000, lr: 1.0E-04 (1.0E-04)
iter: 0, epoch: 986/1000, 
lr: 1.0E-04, loss: 2.0196
epoch: 987/1000, lr: 1.0E-04 (1.0E-04)
iter: 0, epoch: 987/1000, 
lr: 1.0E-04, loss: 1.9845
epoch: 988/1000, lr: 1.0E-04 (1.0E-04)
iter: 0, epoch: 988/1000, 
lr: 1.0E-04, loss: 1.8884
epoch: 989/1000, lr: 1.0E-04 (1.0E-04)
iter: 0, epoch: 989/1000, 
lr: 1.0E-04, loss: 1.9364
Evaluating model ...
Evaluating batch: #0
loss: 0.6473
epoch: 990/1000, lr: 1.0E-04 (1.0E-04)
iter: 0, epoch: 990/1000, 
lr: 1.0E-04, loss: 1.9629
epoch: 991/1000, lr: 1.0E-04 (1.0E-04)
iter: 0, epoch: 991/1000, 
lr: 1.0E-04, loss: 1.9330
epoch: 992/1000, lr: 1.0E-04 (1.0E-04)
iter: 0, epoch: 992/1000, 
lr: 1.0E-04, loss: 1.9679
epoch: 993/1000, lr: 1.0E-04 (1.0E-04)
iter: 0, epoch: 993/1000, 
lr: 1.0E-04, loss: 1.9290
epoch: 994/1000, lr: 1.0E-04 (1.0E-04)
iter: 0, epoch: 994/1000, 
lr: 1.0E-04, loss: 2.0038
epoch: 995/1000, lr: 1.0E-04 (1.0E-04)
iter: 0, epoch: 995/1000, 
lr: 1.0E-04, loss: 1.9641
epoch: 996/1000, lr: 1.0E-04 (1.0E-04)
iter: 0, epoch: 996/1000, 
lr: 1.0E-04, loss: 1.9993
epoch: 997/1000, lr: 1.0E-04 (1.0E-04)
iter: 0, epoch: 997/1000, 
lr: 1.0E-04, loss: 2.0013
epoch: 998/1000, lr: 1.0E-04 (1.0E-04)
iter: 0, epoch: 998/1000, 
lr: 1.0E-04, loss: 1.9658
epoch: 999/1000, lr: 1.0E-04 (1.0E-04)
iter: 0, epoch: 999/1000, 
lr: 1.0E-04, loss: 1.9475
Evaluating model ...
Evaluating batch: #0
loss: 0.6441
